{"/home/travis/build/npmtest/node-npmtest-route-parser/test.js":{"path":"/home/travis/build/npmtest/node-npmtest-route-parser/test.js","s":{"1":2,"2":2,"3":2,"4":2,"5":2,"6":2,"7":2,"8":1,"9":2,"10":2,"11":1,"12":1,"13":1,"14":1,"15":2,"16":2,"17":2,"18":2,"19":1,"20":1,"21":2,"22":2,"23":2,"24":1,"25":1,"26":1,"27":1,"28":1,"29":1,"30":1,"31":1,"32":1,"33":1,"34":1,"35":1,"36":1,"37":1,"38":1,"39":2,"40":2,"41":1,"42":2,"43":2,"44":1,"45":2,"46":2,"47":1,"48":2,"49":2,"50":1,"51":1,"52":1,"53":1,"54":1},"b":{"1":[2,1,1,1],"2":[1,1,1,1],"3":[1,1],"4":[1,1],"5":[1,1],"6":[1,1],"7":[1,1],"8":[1,1],"9":[1,1],"10":[1,1,1],"11":[1,1],"12":[1,1],"13":[1,1],"14":[1,1],"15":[1,1],"16":[1,1],"17":[1,1]},"f":{"1":2,"2":2,"3":2,"4":2,"5":2,"6":1,"7":1,"8":1,"9":2,"10":2,"11":2,"12":2,"13":1},"fnMap":{"1":{"name":"(anonymous_1)","line":12,"loc":{"start":{"line":12,"column":1},"end":{"line":12,"column":13}}},"2":{"name":"(anonymous_2)","line":19,"loc":{"start":{"line":19,"column":5},"end":{"line":19,"column":17}}},"3":{"name":"(anonymous_3)","line":23,"loc":{"start":{"line":23,"column":24},"end":{"line":23,"column":36}}},"4":{"name":"(anonymous_4)","line":61,"loc":{"start":{"line":61,"column":5},"end":{"line":61,"column":17}}},"5":{"name":"(anonymous_5)","line":82,"loc":{"start":{"line":82,"column":5},"end":{"line":82,"column":17}}},"6":{"name":"(anonymous_6)","line":91,"loc":{"start":{"line":91,"column":77},"end":{"line":94,"column":10}}},"7":{"name":"(anonymous_7)","line":112,"loc":{"start":{"line":112,"column":83},"end":{"line":115,"column":10}},"skip":true},"8":{"name":"(anonymous_8)","line":123,"loc":{"start":{"line":123,"column":77},"end":{"line":126,"column":10}},"skip":true},"9":{"name":"(anonymous_9)","line":139,"loc":{"start":{"line":139,"column":12},"end":{"line":139,"column":40}},"skip":true},"10":{"name":"(anonymous_10)","line":147,"loc":{"start":{"line":147,"column":77},"end":{"line":150,"column":10}},"skip":true},"11":{"name":"(anonymous_11)","line":158,"loc":{"start":{"line":158,"column":83},"end":{"line":161,"column":10}},"skip":true},"12":{"name":"(anonymous_12)","line":169,"loc":{"start":{"line":169,"column":79},"end":{"line":172,"column":10}},"skip":true},"13":{"name":"(anonymous_13)","line":180,"loc":{"start":{"line":180,"column":75},"end":{"line":183,"column":10}},"skip":true}},"statementMap":{"1":{"start":{"line":12,"column":0},"end":{"line":195,"column":5}},"2":{"start":{"line":14,"column":4},"end":{"line":14,"column":14}},"3":{"start":{"line":19,"column":4},"end":{"line":56,"column":9}},"4":{"start":{"line":21,"column":8},"end":{"line":21,"column":19}},"5":{"start":{"line":23,"column":8},"end":{"line":35,"column":13}},"6":{"start":{"line":24,"column":12},"end":{"line":34,"column":13}},"7":{"start":{"line":25,"column":16},"end":{"line":28,"column":30}},"8":{"start":{"line":30,"column":16},"end":{"line":33,"column":27}},"9":{"start":{"line":37,"column":8},"end":{"line":39,"column":21}},"10":{"start":{"line":40,"column":8},"end":{"line":53,"column":9}},"11":{"start":{"line":43,"column":12},"end":{"line":46,"column":14}},"12":{"start":{"line":47,"column":12},"end":{"line":47,"column":18}},"13":{"start":{"line":50,"column":12},"end":{"line":51,"column":33}},"14":{"start":{"line":52,"column":12},"end":{"line":52,"column":18}},"15":{"start":{"line":55,"column":8},"end":{"line":55,"column":35}},"16":{"start":{"line":61,"column":4},"end":{"line":63,"column":9}},"17":{"start":{"line":62,"column":8},"end":{"line":62,"column":15}},"18":{"start":{"line":64,"column":4},"end":{"line":77,"column":5}},"19":{"start":{"line":70,"column":8},"end":{"line":70,"column":14}},"20":{"start":{"line":76,"column":8},"end":{"line":76,"column":14}},"21":{"start":{"line":82,"column":4},"end":{"line":84,"column":9}},"22":{"start":{"line":83,"column":8},"end":{"line":83,"column":15}},"23":{"start":{"line":85,"column":4},"end":{"line":194,"column":5}},"24":{"start":{"line":91,"column":8},"end":{"line":99,"column":10}},"25":{"start":{"line":98,"column":12},"end":{"line":98,"column":35}},"26":{"start":{"line":102,"column":8},"end":{"line":104,"column":63}},"27":{"start":{"line":105,"column":8},"end":{"line":105,"column":14}},"28":{"start":{"line":112,"column":8},"end":{"line":121,"column":10},"skip":true},"29":{"start":{"line":119,"column":12},"end":{"line":119,"column":55},"skip":true},"30":{"start":{"line":120,"column":12},"end":{"line":120,"column":48},"skip":true},"31":{"start":{"line":123,"column":8},"end":{"line":136,"column":10},"skip":true},"32":{"start":{"line":130,"column":12},"end":{"line":130,"column":76},"skip":true},"33":{"start":{"line":131,"column":12},"end":{"line":131,"column":73},"skip":true},"34":{"start":{"line":132,"column":12},"end":{"line":132,"column":74},"skip":true},"35":{"start":{"line":133,"column":12},"end":{"line":133,"column":79},"skip":true},"36":{"start":{"line":134,"column":12},"end":{"line":134,"column":25},"skip":true},"37":{"start":{"line":135,"column":12},"end":{"line":135,"column":45},"skip":true},"38":{"start":{"line":138,"column":8},"end":{"line":145,"column":14},"skip":true},"39":{"start":{"line":143,"column":16},"end":{"line":143,"column":29},"skip":true},"40":{"start":{"line":144,"column":16},"end":{"line":144,"column":55},"skip":true},"41":{"start":{"line":147,"column":8},"end":{"line":156,"column":10},"skip":true},"42":{"start":{"line":154,"column":12},"end":{"line":154,"column":25},"skip":true},"43":{"start":{"line":155,"column":12},"end":{"line":155,"column":45},"skip":true},"44":{"start":{"line":158,"column":8},"end":{"line":167,"column":10},"skip":true},"45":{"start":{"line":165,"column":12},"end":{"line":165,"column":25},"skip":true},"46":{"start":{"line":166,"column":12},"end":{"line":166,"column":48},"skip":true},"47":{"start":{"line":169,"column":8},"end":{"line":178,"column":10},"skip":true},"48":{"start":{"line":176,"column":12},"end":{"line":176,"column":25},"skip":true},"49":{"start":{"line":177,"column":12},"end":{"line":177,"column":46},"skip":true},"50":{"start":{"line":180,"column":8},"end":{"line":189,"column":10},"skip":true},"51":{"start":{"line":187,"column":12},"end":{"line":187,"column":94},"skip":true},"52":{"start":{"line":188,"column":12},"end":{"line":188,"column":48},"skip":true},"53":{"start":{"line":192,"column":8},"end":{"line":192,"column":35},"skip":true},"54":{"start":{"line":193,"column":8},"end":{"line":193,"column":14},"skip":true}},"branchMap":{"1":{"line":25,"type":"binary-expr","locations":[{"start":{"line":25,"column":23},"end":{"line":25,"column":62}},{"start":{"line":26,"column":20},"end":{"line":26,"column":70}},{"start":{"line":27,"column":20},"end":{"line":27,"column":71}},{"start":{"line":28,"column":20},"end":{"line":28,"column":29}}]},"2":{"line":30,"type":"binary-expr","locations":[{"start":{"line":30,"column":23},"end":{"line":30,"column":37}},{"start":{"line":31,"column":20},"end":{"line":31,"column":61}},{"start":{"line":32,"column":20},"end":{"line":32,"column":70}},{"start":{"line":33,"column":20},"end":{"line":33,"column":26}}]},"3":{"line":37,"type":"cond-expr","locations":[{"start":{"line":38,"column":14},"end":{"line":38,"column":20}},{"start":{"line":39,"column":14},"end":{"line":39,"column":20}}]},"4":{"line":40,"type":"switch","locations":[{"start":{"line":42,"column":8},"end":{"line":47,"column":18}},{"start":{"line":49,"column":8},"end":{"line":52,"column":18}}]},"5":{"line":44,"type":"binary-expr","locations":[{"start":{"line":44,"column":16},"end":{"line":44,"column":44}},{"start":{"line":44,"column":48},"end":{"line":44,"column":66}}]},"6":{"line":50,"type":"binary-expr","locations":[{"start":{"line":50,"column":21},"end":{"line":50,"column":49}},{"start":{"line":50,"column":53},"end":{"line":50,"column":72}}]},"7":{"line":64,"type":"switch","locations":[{"start":{"line":69,"column":4},"end":{"line":70,"column":14}},{"start":{"line":75,"column":4},"end":{"line":76,"column":14}}]},"8":{"line":85,"type":"switch","locations":[{"start":{"line":90,"column":4},"end":{"line":105,"column":14}},{"start":{"line":111,"column":4},"end":{"line":193,"column":14},"skip":true}]},"9":{"line":91,"type":"binary-expr","locations":[{"start":{"line":91,"column":42},"end":{"line":91,"column":73}},{"start":{"line":91,"column":77},"end":{"line":99,"column":9}}]},"10":{"line":102,"type":"binary-expr","locations":[{"start":{"line":102,"column":18},"end":{"line":102,"column":32}},{"start":{"line":103,"column":12},"end":{"line":103,"column":53}},{"start":{"line":104,"column":12},"end":{"line":104,"column":61}}]},"11":{"line":112,"type":"binary-expr","locations":[{"start":{"line":112,"column":45},"end":{"line":112,"column":79},"skip":true},{"start":{"line":112,"column":83},"end":{"line":121,"column":9},"skip":true}]},"12":{"line":123,"type":"binary-expr","locations":[{"start":{"line":123,"column":42},"end":{"line":123,"column":73},"skip":true},{"start":{"line":123,"column":77},"end":{"line":136,"column":9},"skip":true}]},"13":{"line":138,"type":"binary-expr","locations":[{"start":{"line":138,"column":48},"end":{"line":138,"column":85},"skip":true},{"start":{"line":139,"column":12},"end":{"line":145,"column":13},"skip":true}]},"14":{"line":147,"type":"binary-expr","locations":[{"start":{"line":147,"column":42},"end":{"line":147,"column":73},"skip":true},{"start":{"line":147,"column":77},"end":{"line":156,"column":9},"skip":true}]},"15":{"line":158,"type":"binary-expr","locations":[{"start":{"line":158,"column":45},"end":{"line":158,"column":79},"skip":true},{"start":{"line":158,"column":83},"end":{"line":167,"column":9},"skip":true}]},"16":{"line":169,"type":"binary-expr","locations":[{"start":{"line":169,"column":43},"end":{"line":169,"column":75},"skip":true},{"start":{"line":169,"column":79},"end":{"line":178,"column":9},"skip":true}]},"17":{"line":180,"type":"binary-expr","locations":[{"start":{"line":180,"column":41},"end":{"line":180,"column":71},"skip":true},{"start":{"line":180,"column":75},"end":{"line":189,"column":9},"skip":true}]}},"code":["/* istanbul instrument in package npmtest_route_parser */","/*jslint","    bitwise: true,","    browser: true,","    maxerr: 8,","    maxlen: 96,","    node: true,","    nomen: true,","    regexp: true,","    stupid: true","*/","(function () {","    'use strict';","    var local;","","","","    // run shared js-env code - init-before","    (function () {","        // init local","        local = {};","        // init modeJs","        local.modeJs = (function () {","            try {","                return typeof navigator.userAgent === 'string' &&","                    typeof document.querySelector('body') === 'object' &&","                    typeof XMLHttpRequest.prototype.open === 'function' &&","                    'browser';","            } catch (errorCaughtBrowser) {","                return module.exports &&","                    typeof process.versions.node === 'string' &&","                    typeof require('http').createServer === 'function' &&","                    'node';","            }","        }());","        // init global","        local.global = local.modeJs === 'browser'","            ? window","            : global;","        switch (local.modeJs) {","        // re-init local from window.local","        case 'browser':","            local = local.global.utility2.objectSetDefault(","                local.global.utility2_rollup || local.global.local,","                local.global.utility2","            );","            break;","        // re-init local from example.js","        case 'node':","            local = (local.global.utility2_rollup || require('utility2'))","                .requireReadme();","            break;","        }","        // export local","        local.global.local = local;","    }());","","","","    // run shared js-env code - function","    (function () {","        return;","    }());","    switch (local.modeJs) {","","","","    // run browser js-env code - function","    case 'browser':","        break;","","","","    // run node js-env code - function","    case 'node':","        break;","    }","","","","    // run shared js-env code - init-after","    (function () {","        return;","    }());","    switch (local.modeJs) {","","","","    // run browser js-env code - init-after","    case 'browser':","        local.testCase_browser_nullCase = local.testCase_browser_nullCase || function (","            options,","            onError","        ) {","        /*","         * this function will test browsers's null-case handling-behavior-behavior","         */","            onError(null, options);","        };","","        // run tests","        local.nop(local.modeTest &&","            document.querySelector('#testRunButton1') &&","            document.querySelector('#testRunButton1').click());","        break;","","","","    // run node js-env code - init-after","    /* istanbul ignore next */","    case 'node':","        local.testCase_buildApidoc_default = local.testCase_buildApidoc_default || function (","            options,","            onError","        ) {","        /*","         * this function will test buildApidoc's default handling-behavior-behavior","         */","            options = { modulePathList: module.paths };","            local.buildApidoc(options, onError);","        };","","        local.testCase_buildApp_default = local.testCase_buildApp_default || function (","            options,","            onError","        ) {","        /*","         * this function will test buildApp's default handling-behavior-behavior","         */","            local.testCase_buildReadme_default(options, local.onErrorThrow);","            local.testCase_buildLib_default(options, local.onErrorThrow);","            local.testCase_buildTest_default(options, local.onErrorThrow);","            local.testCase_buildCustomOrg_default(options, local.onErrorThrow);","            options = [];","            local.buildApp(options, onError);","        };","","        local.testCase_buildCustomOrg_default = local.testCase_buildCustomOrg_default ||","            function (options, onError) {","            /*","             * this function will test buildCustomOrg's default handling-behavior","             */","                options = {};","                local.buildCustomOrg(options, onError);","            };","","        local.testCase_buildLib_default = local.testCase_buildLib_default || function (","            options,","            onError","        ) {","        /*","         * this function will test buildLib's default handling-behavior","         */","            options = {};","            local.buildLib(options, onError);","        };","","        local.testCase_buildReadme_default = local.testCase_buildReadme_default || function (","            options,","            onError","        ) {","        /*","         * this function will test buildReadme's default handling-behavior-behavior","         */","            options = {};","            local.buildReadme(options, onError);","        };","","        local.testCase_buildTest_default = local.testCase_buildTest_default || function (","            options,","            onError","        ) {","        /*","         * this function will test buildTest's default handling-behavior","         */","            options = {};","            local.buildTest(options, onError);","        };","","        local.testCase_webpage_default = local.testCase_webpage_default || function (","            options,","            onError","        ) {","        /*","         * this function will test webpage's default handling-behavior","         */","            options = { modeCoverageMerge: true, url: local.serverLocalHost + '?modeTest=1' };","            local.browserTest(options, onError);","        };","","        // run test-server","        local.testRunServer(local);","        break;","    }","}());",""],"l":{"12":2,"14":2,"19":2,"21":2,"23":2,"24":2,"25":2,"30":1,"37":2,"40":2,"43":1,"47":1,"50":1,"52":1,"55":2,"61":2,"62":2,"64":2,"70":1,"76":1,"82":2,"83":2,"85":2,"91":1,"98":1,"102":1,"105":1,"112":1,"119":1,"120":1,"123":1,"130":1,"131":1,"132":1,"133":1,"134":1,"135":1,"138":1,"143":2,"144":2,"147":1,"154":2,"155":2,"158":1,"165":2,"166":2,"169":1,"176":2,"177":2,"180":1,"187":1,"188":1,"192":1,"193":1}},"/home/travis/build/npmtest/node-npmtest-route-parser/lib.npmtest_route_parser.js":{"path":"/home/travis/build/npmtest/node-npmtest-route-parser/lib.npmtest_route_parser.js","s":{"1":2,"2":2,"3":2,"4":2,"5":2,"6":2,"7":2,"8":1,"9":2,"10":2,"11":2,"12":2,"13":1,"14":1,"15":1,"16":1},"b":{"1":[2,1,1,1],"2":[1,1,1,1],"3":[1,1],"4":[2,2],"5":[1,1]},"f":{"1":2,"2":2,"3":2},"fnMap":{"1":{"name":"(anonymous_1)","line":12,"loc":{"start":{"line":12,"column":1},"end":{"line":12,"column":13}}},"2":{"name":"(anonymous_2)","line":19,"loc":{"start":{"line":19,"column":5},"end":{"line":19,"column":17}}},"3":{"name":"(anonymous_3)","line":23,"loc":{"start":{"line":23,"column":24},"end":{"line":23,"column":36}}}},"statementMap":{"1":{"start":{"line":12,"column":0},"end":{"line":53,"column":5}},"2":{"start":{"line":14,"column":4},"end":{"line":14,"column":14}},"3":{"start":{"line":19,"column":4},"end":{"line":52,"column":9}},"4":{"start":{"line":21,"column":8},"end":{"line":21,"column":19}},"5":{"start":{"line":23,"column":8},"end":{"line":35,"column":13}},"6":{"start":{"line":24,"column":12},"end":{"line":34,"column":13}},"7":{"start":{"line":25,"column":16},"end":{"line":28,"column":30}},"8":{"start":{"line":30,"column":16},"end":{"line":33,"column":27}},"9":{"start":{"line":37,"column":8},"end":{"line":39,"column":21}},"10":{"start":{"line":41,"column":8},"end":{"line":41,"column":54}},"11":{"start":{"line":43,"column":8},"end":{"line":43,"column":57}},"12":{"start":{"line":45,"column":8},"end":{"line":51,"column":9}},"13":{"start":{"line":46,"column":12},"end":{"line":46,"column":63}},"14":{"start":{"line":48,"column":12},"end":{"line":48,"column":35}},"15":{"start":{"line":49,"column":12},"end":{"line":49,"column":49}},"16":{"start":{"line":50,"column":12},"end":{"line":50,"column":43}}},"branchMap":{"1":{"line":25,"type":"binary-expr","locations":[{"start":{"line":25,"column":23},"end":{"line":25,"column":62}},{"start":{"line":26,"column":20},"end":{"line":26,"column":70}},{"start":{"line":27,"column":20},"end":{"line":27,"column":71}},{"start":{"line":28,"column":20},"end":{"line":28,"column":29}}]},"2":{"line":30,"type":"binary-expr","locations":[{"start":{"line":30,"column":23},"end":{"line":30,"column":37}},{"start":{"line":31,"column":20},"end":{"line":31,"column":61}},{"start":{"line":32,"column":20},"end":{"line":32,"column":70}},{"start":{"line":33,"column":20},"end":{"line":33,"column":26}}]},"3":{"line":37,"type":"cond-expr","locations":[{"start":{"line":38,"column":14},"end":{"line":38,"column":20}},{"start":{"line":39,"column":14},"end":{"line":39,"column":20}}]},"4":{"line":41,"type":"binary-expr","locations":[{"start":{"line":41,"column":16},"end":{"line":41,"column":44}},{"start":{"line":41,"column":48},"end":{"line":41,"column":53}}]},"5":{"line":45,"type":"if","locations":[{"start":{"line":45,"column":8},"end":{"line":45,"column":8}},{"start":{"line":45,"column":8},"end":{"line":45,"column":8}}]}},"code":["/* istanbul instrument in package npmtest_route_parser */","/*jslint","    bitwise: true,","    browser: true,","    maxerr: 8,","    maxlen: 96,","    node: true,","    nomen: true,","    regexp: true,","    stupid: true","*/","(function () {","    'use strict';","    var local;","","","","    // run shared js-env code - init-before","    (function () {","        // init local","        local = {};","        // init modeJs","        local.modeJs = (function () {","            try {","                return typeof navigator.userAgent === 'string' &&","                    typeof document.querySelector('body') === 'object' &&","                    typeof XMLHttpRequest.prototype.open === 'function' &&","                    'browser';","            } catch (errorCaughtBrowser) {","                return module.exports &&","                    typeof process.versions.node === 'string' &&","                    typeof require('http').createServer === 'function' &&","                    'node';","            }","        }());","        // init global","        local.global = local.modeJs === 'browser'","            ? window","            : global;","        // init utility2_rollup","        local = local.global.utility2_rollup || local;","        // init lib","        local.local = local.npmtest_route_parser = local;","        // init exports","        if (local.modeJs === 'browser') {","            local.global.utility2_npmtest_route_parser = local;","        } else {","            module.exports = local;","            module.exports.__dirname = __dirname;","            module.exports.module = module;","        }","    }());","}());",""],"l":{"12":2,"14":2,"19":2,"21":2,"23":2,"24":2,"25":2,"30":1,"37":2,"41":2,"43":2,"45":2,"46":1,"48":1,"49":1,"50":1}},"/home/travis/build/npmtest/node-npmtest-route-parser/example.js":{"path":"/home/travis/build/npmtest/node-npmtest-route-parser/example.js","s":{"1":2,"2":2,"3":2,"4":2,"5":2,"6":2,"7":2,"8":1,"9":2,"10":2,"11":2,"12":2,"13":1,"14":2,"15":2,"16":2,"17":2,"18":2,"19":0,"20":2,"21":1,"22":1,"23":1,"24":1,"25":1,"26":0,"27":0,"28":1,"29":1,"30":2,"31":0,"32":0,"33":0,"34":1,"35":2,"36":2,"37":3,"38":3,"39":3,"40":3,"41":0,"42":3,"43":3,"44":3,"45":1,"46":3,"47":1,"48":1,"49":1,"50":1,"51":1,"52":1,"53":1,"54":1,"55":1,"56":1,"57":0,"58":1,"59":6,"60":6,"61":1,"62":2,"63":0,"64":2,"65":1,"66":1,"67":0,"68":0,"69":0,"70":0,"71":0,"72":0,"73":0,"74":0,"75":0,"76":0,"77":0,"78":0,"79":0,"80":0,"81":0,"82":0,"83":0},"b":{"1":[2,1,1,1],"2":[1,1,1,1],"3":[1,1],"4":[2,2],"5":[1,1],"6":[1,1],"7":[2,0],"8":[2,1,1,1,1,1],"9":[0,2,0],"10":[1,1],"11":[2,1,1],"12":[1,0],"13":[0,2],"14":[2,0,0,0,0,0,0],"15":[0,3],"16":[3,0],"17":[1,1],"18":[0,1],"19":[1,2,0,2],"20":[1,0],"21":[1,1],"22":[0,0],"23":[0,0],"24":[0,0],"25":[0,0],"26":[0,0],"27":[0,0],"28":[0,0]},"f":{"1":2,"2":2,"3":2,"4":2,"5":2,"6":2,"7":3,"8":3,"9":3,"10":1,"11":6,"12":0},"fnMap":{"1":{"name":"(anonymous_1)","line":26,"loc":{"start":{"line":26,"column":1},"end":{"line":26,"column":13}}},"2":{"name":"(anonymous_2)","line":33,"loc":{"start":{"line":33,"column":5},"end":{"line":33,"column":17}}},"3":{"name":"(anonymous_3)","line":37,"loc":{"start":{"line":37,"column":24},"end":{"line":37,"column":36}}},"4":{"name":"(anonymous_4)","line":69,"loc":{"start":{"line":69,"column":31},"end":{"line":69,"column":48}},"skip":true},"5":{"name":"(anonymous_5)","line":78,"loc":{"start":{"line":78,"column":26},"end":{"line":78,"column":45}},"skip":true},"6":{"name":"(anonymous_6)","line":123,"loc":{"start":{"line":123,"column":33},"end":{"line":123,"column":48}},"skip":true},"7":{"name":"(anonymous_7)","line":125,"loc":{"start":{"line":125,"column":27},"end":{"line":125,"column":39}},"skip":true},"8":{"name":"(anonymous_8)","line":133,"loc":{"start":{"line":133,"column":59},"end":{"line":133,"column":74}},"skip":true},"9":{"name":"(anonymous_9)","line":143,"loc":{"start":{"line":143,"column":45},"end":{"line":143,"column":62}},"skip":true},"10":{"name":"(anonymous_10)","line":144,"loc":{"start":{"line":144,"column":73},"end":{"line":144,"column":92}},"skip":true},"11":{"name":"(anonymous_11)","line":272,"loc":{"start":{"line":272,"column":51},"end":{"line":272,"column":77}},"skip":true},"12":{"name":"(anonymous_12)","line":315,"loc":{"start":{"line":315,"column":32},"end":{"line":315,"column":61}},"skip":true}},"statementMap":{"1":{"start":{"line":26,"column":0},"end":{"line":326,"column":5}},"2":{"start":{"line":28,"column":4},"end":{"line":28,"column":14}},"3":{"start":{"line":33,"column":4},"end":{"line":60,"column":9}},"4":{"start":{"line":35,"column":8},"end":{"line":35,"column":19}},"5":{"start":{"line":37,"column":8},"end":{"line":49,"column":13}},"6":{"start":{"line":38,"column":12},"end":{"line":48,"column":13}},"7":{"start":{"line":39,"column":16},"end":{"line":42,"column":30}},"8":{"start":{"line":44,"column":16},"end":{"line":47,"column":27}},"9":{"start":{"line":51,"column":8},"end":{"line":53,"column":21}},"10":{"start":{"line":55,"column":8},"end":{"line":57,"column":45}},"11":{"start":{"line":59,"column":8},"end":{"line":59,"column":35}},"12":{"start":{"line":61,"column":4},"end":{"line":325,"column":5}},"13":{"start":{"line":69,"column":8},"end":{"line":121,"column":10},"skip":true},"14":{"start":{"line":70,"column":12},"end":{"line":88,"column":13},"skip":true},"15":{"start":{"line":76,"column":16},"end":{"line":87,"column":19},"skip":true},"16":{"start":{"line":79,"column":20},"end":{"line":86,"column":21},"skip":true},"17":{"start":{"line":82,"column":24},"end":{"line":82,"column":43},"skip":true},"18":{"start":{"line":83,"column":24},"end":{"line":83,"column":30},"skip":true},"19":{"start":{"line":85,"column":24},"end":{"line":85,"column":49},"skip":true},"20":{"start":{"line":89,"column":12},"end":{"line":107,"column":13},"skip":true},"21":{"start":{"line":92,"column":16},"end":{"line":102,"column":17},"skip":true},"22":{"start":{"line":93,"column":20},"end":{"line":93,"column":86},"skip":true},"23":{"start":{"line":94,"column":20},"end":{"line":95,"column":45},"skip":true},"24":{"start":{"line":96,"column":20},"end":{"line":96,"column":42},"skip":true},"25":{"start":{"line":97,"column":20},"end":{"line":97,"column":48},"skip":true},"26":{"start":{"line":100,"column":20},"end":{"line":100,"column":85},"skip":true},"27":{"start":{"line":101,"column":20},"end":{"line":101,"column":96},"skip":true},"28":{"start":{"line":103,"column":16},"end":{"line":103,"column":22},"skip":true},"29":{"start":{"line":106,"column":16},"end":{"line":106,"column":22},"skip":true},"30":{"start":{"line":108,"column":12},"end":{"line":120,"column":13},"skip":true},"31":{"start":{"line":114,"column":16},"end":{"line":119,"column":17},"skip":true},"32":{"start":{"line":116,"column":20},"end":{"line":116,"column":78},"skip":true},"33":{"start":{"line":118,"column":20},"end":{"line":118,"column":47},"skip":true},"34":{"start":{"line":123,"column":8},"end":{"line":141,"column":11},"skip":true},"35":{"start":{"line":124,"column":12},"end":{"line":124,"column":54},"skip":true},"36":{"start":{"line":125,"column":12},"end":{"line":140,"column":14},"skip":true},"37":{"start":{"line":126,"column":16},"end":{"line":126,"column":28},"skip":true},"38":{"start":{"line":127,"column":16},"end":{"line":127,"column":69},"skip":true},"39":{"start":{"line":128,"column":16},"end":{"line":128,"column":75},"skip":true},"40":{"start":{"line":129,"column":16},"end":{"line":131,"column":17},"skip":true},"41":{"start":{"line":130,"column":20},"end":{"line":130,"column":27},"skip":true},"42":{"start":{"line":133,"column":16},"end":{"line":137,"column":36},"skip":true},"43":{"start":{"line":134,"column":20},"end":{"line":136,"column":55},"skip":true},"44":{"start":{"line":139,"column":16},"end":{"line":139,"column":57},"skip":true},"45":{"start":{"line":143,"column":8},"end":{"line":147,"column":11},"skip":true},"46":{"start":{"line":144,"column":12},"end":{"line":146,"column":15},"skip":true},"47":{"start":{"line":145,"column":16},"end":{"line":145,"column":70},"skip":true},"48":{"start":{"line":149,"column":8},"end":{"line":149,"column":31},"skip":true},"49":{"start":{"line":150,"column":8},"end":{"line":150,"column":14},"skip":true},"50":{"start":{"line":158,"column":8},"end":{"line":158,"column":31},"skip":true},"51":{"start":{"line":160,"column":8},"end":{"line":160,"column":33},"skip":true},"52":{"start":{"line":161,"column":8},"end":{"line":161,"column":37},"skip":true},"53":{"start":{"line":162,"column":8},"end":{"line":162,"column":35},"skip":true},"54":{"start":{"line":164,"column":8},"end":{"line":164,"column":50},"skip":true},"55":{"start":{"line":166,"column":8},"end":{"line":256,"column":2},"skip":true},"56":{"start":{"line":258,"column":8},"end":{"line":286,"column":9},"skip":true},"57":{"start":{"line":259,"column":12},"end":{"line":269,"column":14},"skip":true},"58":{"start":{"line":271,"column":12},"end":{"line":285,"column":19},"skip":true},"59":{"start":{"line":274,"column":20},"end":{"line":274,"column":35},"skip":true},"60":{"start":{"line":275,"column":20},"end":{"line":284,"column":21},"skip":true},"61":{"start":{"line":277,"column":24},"end":{"line":277,"column":64},"skip":true},"62":{"start":{"line":279,"column":24},"end":{"line":279,"column":40},"skip":true},"63":{"start":{"line":281,"column":24},"end":{"line":281,"column":40},"skip":true},"64":{"start":{"line":283,"column":24},"end":{"line":283,"column":39},"skip":true},"65":{"start":{"line":288,"column":8},"end":{"line":290,"column":9},"skip":true},"66":{"start":{"line":289,"column":12},"end":{"line":289,"column":18},"skip":true},"67":{"start":{"line":291,"column":8},"end":{"line":293,"column":54},"skip":true},"68":{"start":{"line":296,"column":8},"end":{"line":301,"column":37},"skip":true},"69":{"start":{"line":303,"column":8},"end":{"line":303,"column":82},"skip":true},"70":{"start":{"line":306,"column":8},"end":{"line":308,"column":9},"skip":true},"71":{"start":{"line":307,"column":12},"end":{"line":307,"column":82},"skip":true},"72":{"start":{"line":310,"column":8},"end":{"line":312,"column":9},"skip":true},"73":{"start":{"line":311,"column":12},"end":{"line":311,"column":18},"skip":true},"74":{"start":{"line":313,"column":8},"end":{"line":313,"column":54},"skip":true},"75":{"start":{"line":314,"column":8},"end":{"line":314,"column":69},"skip":true},"76":{"start":{"line":315,"column":8},"end":{"line":323,"column":36},"skip":true},"77":{"start":{"line":316,"column":12},"end":{"line":316,"column":61},"skip":true},"78":{"start":{"line":317,"column":12},"end":{"line":320,"column":13},"skip":true},"79":{"start":{"line":318,"column":16},"end":{"line":318,"column":75},"skip":true},"80":{"start":{"line":319,"column":16},"end":{"line":319,"column":23},"skip":true},"81":{"start":{"line":321,"column":12},"end":{"line":321,"column":38},"skip":true},"82":{"start":{"line":322,"column":12},"end":{"line":322,"column":27},"skip":true},"83":{"start":{"line":324,"column":8},"end":{"line":324,"column":14},"skip":true}},"branchMap":{"1":{"line":39,"type":"binary-expr","locations":[{"start":{"line":39,"column":23},"end":{"line":39,"column":62}},{"start":{"line":40,"column":20},"end":{"line":40,"column":70}},{"start":{"line":41,"column":20},"end":{"line":41,"column":71}},{"start":{"line":42,"column":20},"end":{"line":42,"column":29}}]},"2":{"line":44,"type":"binary-expr","locations":[{"start":{"line":44,"column":23},"end":{"line":44,"column":37}},{"start":{"line":45,"column":20},"end":{"line":45,"column":61}},{"start":{"line":46,"column":20},"end":{"line":46,"column":70}},{"start":{"line":47,"column":20},"end":{"line":47,"column":26}}]},"3":{"line":51,"type":"cond-expr","locations":[{"start":{"line":52,"column":14},"end":{"line":52,"column":20}},{"start":{"line":53,"column":14},"end":{"line":53,"column":20}}]},"4":{"line":55,"type":"binary-expr","locations":[{"start":{"line":55,"column":16},"end":{"line":55,"column":44}},{"start":{"line":55,"column":49},"end":{"line":57,"column":43}}]},"5":{"line":55,"type":"cond-expr","locations":[{"start":{"line":56,"column":14},"end":{"line":56,"column":56}},{"start":{"line":57,"column":14},"end":{"line":57,"column":43}}]},"6":{"line":61,"type":"switch","locations":[{"start":{"line":68,"column":4},"end":{"line":150,"column":14},"skip":true},{"start":{"line":156,"column":4},"end":{"line":324,"column":14},"skip":true}]},"7":{"line":70,"type":"if","locations":[{"start":{"line":70,"column":12},"end":{"line":70,"column":12},"skip":true},{"start":{"line":70,"column":12},"end":{"line":70,"column":12},"skip":true}]},"8":{"line":70,"type":"binary-expr","locations":[{"start":{"line":70,"column":16},"end":{"line":70,"column":22},"skip":true},{"start":{"line":70,"column":27},"end":{"line":70,"column":32},"skip":true},{"start":{"line":71,"column":20},"end":{"line":71,"column":39},"skip":true},{"start":{"line":72,"column":20},"end":{"line":72,"column":49},"skip":true},{"start":{"line":73,"column":20},"end":{"line":73,"column":58},"skip":true},{"start":{"line":74,"column":20},"end":{"line":74,"column":69},"skip":true}]},"9":{"line":79,"type":"switch","locations":[{"start":{"line":80,"column":20},"end":{"line":80,"column":33},"skip":true},{"start":{"line":81,"column":20},"end":{"line":83,"column":30},"skip":true},{"start":{"line":84,"column":20},"end":{"line":85,"column":49},"skip":true}]},"10":{"line":89,"type":"switch","locations":[{"start":{"line":90,"column":12},"end":{"line":103,"column":22},"skip":true},{"start":{"line":105,"column":12},"end":{"line":106,"column":22},"skip":true}]},"11":{"line":89,"type":"binary-expr","locations":[{"start":{"line":89,"column":20},"end":{"line":89,"column":25},"skip":true},{"start":{"line":89,"column":29},"end":{"line":89,"column":48},"skip":true},{"start":{"line":89,"column":52},"end":{"line":89,"column":74},"skip":true}]},"12":{"line":92,"type":"if","locations":[{"start":{"line":92,"column":16},"end":{"line":92,"column":16},"skip":true},{"start":{"line":92,"column":16},"end":{"line":92,"column":16},"skip":true}]},"13":{"line":108,"type":"if","locations":[{"start":{"line":108,"column":12},"end":{"line":108,"column":12},"skip":true},{"start":{"line":108,"column":12},"end":{"line":108,"column":12},"skip":true}]},"14":{"line":108,"type":"binary-expr","locations":[{"start":{"line":108,"column":16},"end":{"line":108,"column":61},"skip":true},{"start":{"line":108,"column":66},"end":{"line":108,"column":72},"skip":true},{"start":{"line":108,"column":77},"end":{"line":108,"column":82},"skip":true},{"start":{"line":109,"column":20},"end":{"line":109,"column":39},"skip":true},{"start":{"line":110,"column":20},"end":{"line":110,"column":49},"skip":true},{"start":{"line":111,"column":20},"end":{"line":111,"column":58},"skip":true},{"start":{"line":112,"column":20},"end":{"line":112,"column":68},"skip":true}]},"15":{"line":129,"type":"if","locations":[{"start":{"line":129,"column":16},"end":{"line":129,"column":16},"skip":true},{"start":{"line":129,"column":16},"end":{"line":129,"column":16},"skip":true}]},"16":{"line":134,"type":"cond-expr","locations":[{"start":{"line":135,"column":26},"end":{"line":135,"column":29},"skip":true},{"start":{"line":136,"column":26},"end":{"line":136,"column":54},"skip":true}]},"17":{"line":164,"type":"binary-expr","locations":[{"start":{"line":164,"column":27},"end":{"line":164,"column":43},"skip":true},{"start":{"line":164,"column":47},"end":{"line":164,"column":49},"skip":true}]},"18":{"line":258,"type":"if","locations":[{"start":{"line":258,"column":8},"end":{"line":258,"column":8},"skip":true},{"start":{"line":258,"column":8},"end":{"line":258,"column":8},"skip":true}]},"19":{"line":275,"type":"switch","locations":[{"start":{"line":276,"column":20},"end":{"line":277,"column":64},"skip":true},{"start":{"line":278,"column":20},"end":{"line":279,"column":40},"skip":true},{"start":{"line":280,"column":20},"end":{"line":281,"column":40},"skip":true},{"start":{"line":282,"column":20},"end":{"line":283,"column":39},"skip":true}]},"20":{"line":288,"type":"if","locations":[{"start":{"line":288,"column":8},"end":{"line":288,"column":8},"skip":true},{"start":{"line":288,"column":8},"end":{"line":288,"column":8},"skip":true}]},"21":{"line":288,"type":"binary-expr","locations":[{"start":{"line":288,"column":12},"end":{"line":288,"column":40},"skip":true},{"start":{"line":288,"column":44},"end":{"line":288,"column":67},"skip":true}]},"22":{"line":292,"type":"binary-expr","locations":[{"start":{"line":292,"column":12},"end":{"line":292,"column":50},"skip":true},{"start":{"line":293,"column":12},"end":{"line":293,"column":53},"skip":true}]},"23":{"line":297,"type":"binary-expr","locations":[{"start":{"line":297,"column":12},"end":{"line":297,"column":70},"skip":true},{"start":{"line":298,"column":12},"end":{"line":301,"column":36},"skip":true}]},"24":{"line":303,"type":"binary-expr","locations":[{"start":{"line":303,"column":43},"end":{"line":303,"column":75},"skip":true},{"start":{"line":303,"column":79},"end":{"line":303,"column":81},"skip":true}]},"25":{"line":306,"type":"if","locations":[{"start":{"line":306,"column":8},"end":{"line":306,"column":8},"skip":true},{"start":{"line":306,"column":8},"end":{"line":306,"column":8},"skip":true}]},"26":{"line":310,"type":"if","locations":[{"start":{"line":310,"column":8},"end":{"line":310,"column":8},"skip":true},{"start":{"line":310,"column":8},"end":{"line":310,"column":8},"skip":true}]},"27":{"line":313,"type":"binary-expr","locations":[{"start":{"line":313,"column":27},"end":{"line":313,"column":43},"skip":true},{"start":{"line":313,"column":47},"end":{"line":313,"column":53},"skip":true}]},"28":{"line":317,"type":"if","locations":[{"start":{"line":317,"column":12},"end":{"line":317,"column":12},"skip":true},{"start":{"line":317,"column":12},"end":{"line":317,"column":12},"skip":true}]}},"code":["/*","example.js","","quickstart example","","instruction","    1. save this script as example.js","    2. run the shell command:","        $ npm install npmtest-route-parser && PORT=8081 node example.js","    3. play with the browser-demo on http://127.0.0.1:8081","*/","","","","/* istanbul instrument in package npmtest_route_parser */","/*jslint","    bitwise: true,","    browser: true,","    maxerr: 8,","    maxlen: 96,","    node: true,","    nomen: true,","    regexp: true,","    stupid: true","*/","(function () {","    'use strict';","    var local;","","","","    // run shared js-env code - init-before","    (function () {","        // init local","        local = {};","        // init modeJs","        local.modeJs = (function () {","            try {","                return typeof navigator.userAgent === 'string' &&","                    typeof document.querySelector('body') === 'object' &&","                    typeof XMLHttpRequest.prototype.open === 'function' &&","                    'browser';","            } catch (errorCaughtBrowser) {","                return module.exports &&","                    typeof process.versions.node === 'string' &&","                    typeof require('http').createServer === 'function' &&","                    'node';","            }","        }());","        // init global","        local.global = local.modeJs === 'browser'","            ? window","            : global;","        // init utility2_rollup","        local = local.global.utility2_rollup || (local.modeJs === 'browser'","            ? local.global.utility2_npmtest_route_parser","            : global.utility2_moduleExports);","        // export local","        local.global.local = local;","    }());","    switch (local.modeJs) {","","","","    // init-after","    // run browser js-env code - init-after","    /* istanbul ignore next */","    case 'browser':","        local.testRunBrowser = function (event) {","            if (!event || (event &&","                    event.currentTarget &&","                    event.currentTarget.className &&","                    event.currentTarget.className.includes &&","                    event.currentTarget.className.includes('onreset'))) {","                // reset output","                Array.from(","                    document.querySelectorAll('body > .resettable')","                ).forEach(function (element) {","                    switch (element.tagName) {","                    case 'INPUT':","                    case 'TEXTAREA':","                        element.value = '';","                        break;","                    default:","                        element.textContent = '';","                    }","                });","            }","            switch (event && event.currentTarget && event.currentTarget.id) {","            case 'testRunButton1':","                // show tests","                if (document.querySelector('#testReportDiv1').style.display === 'none') {","                    document.querySelector('#testReportDiv1').style.display = 'block';","                    document.querySelector('#testRunButton1').textContent =","                        'hide internal test';","                    local.modeTest = true;","                    local.testRunDefault(local);","                // hide tests","                } else {","                    document.querySelector('#testReportDiv1').style.display = 'none';","                    document.querySelector('#testRunButton1').textContent = 'run internal test';","                }","                break;","            // custom-case","            default:","                break;","            }","            if (document.querySelector('#inputTextareaEval1') && (!event || (event &&","                    event.currentTarget &&","                    event.currentTarget.className &&","                    event.currentTarget.className.includes &&","                    event.currentTarget.className.includes('oneval')))) {","                // try to eval input-code","                try {","                    /*jslint evil: true*/","                    eval(document.querySelector('#inputTextareaEval1').value);","                } catch (errorCaught) {","                    console.error(errorCaught);","                }","            }","        };","        // log stderr and stdout to #outputTextareaStdout1","        ['error', 'log'].forEach(function (key) {","            console[key + '_original'] = console[key];","            console[key] = function () {","                var element;","                console[key + '_original'].apply(console, arguments);","                element = document.querySelector('#outputTextareaStdout1');","                if (!element) {","                    return;","                }","                // append text to #outputTextareaStdout1","                element.value += Array.from(arguments).map(function (arg) {","                    return typeof arg === 'string'","                        ? arg","                        : JSON.stringify(arg, null, 4);","                }).join(' ') + '\\n';","                // scroll textarea to bottom","                element.scrollTop = element.scrollHeight;","            };","        });","        // init event-handling","        ['change', 'click', 'keyup'].forEach(function (event) {","            Array.from(document.querySelectorAll('.on' + event)).forEach(function (element) {","                element.addEventListener(event, local.testRunBrowser);","            });","        });","        // run tests","        local.testRunBrowser();","        break;","","","","    // run node js-env code - init-after","    /* istanbul ignore next */","    case 'node':","        // export local","        module.exports = local;","        // require modules","        local.fs = require('fs');","        local.http = require('http');","        local.url = require('url');","        // init assets","        local.assetsDict = local.assetsDict || {};","        /* jslint-ignore-begin */","        local.assetsDict['/assets.index.template.html'] = '\\","<!doctype html>\\n\\","<html lang=\"en\">\\n\\","<head>\\n\\","<meta charset=\"UTF-8\">\\n\\","<meta name=\"viewport\" content=\"width=device-width, initial-scale=1\">\\n\\","<title>{{env.npm_package_name}} (v{{env.npm_package_version}})</title>\\n\\","<style>\\n\\","/*csslint\\n\\","    box-sizing: false,\\n\\","    universal-selector: false\\n\\","*/\\n\\","* {\\n\\","    box-sizing: border-box;\\n\\","}\\n\\","body {\\n\\","    background: #dde;\\n\\","    font-family: Arial, Helvetica, sans-serif;\\n\\","    margin: 2rem;\\n\\","}\\n\\","body > * {\\n\\","    margin-bottom: 1rem;\\n\\","}\\n\\",".utility2FooterDiv {\\n\\","    margin-top: 20px;\\n\\","    text-align: center;\\n\\","}\\n\\","</style>\\n\\","<style>\\n\\","/*csslint\\n\\","*/\\n\\","textarea {\\n\\","    font-family: monospace;\\n\\","    height: 10rem;\\n\\","    width: 100%;\\n\\","}\\n\\","textarea[readonly] {\\n\\","    background: #ddd;\\n\\","}\\n\\","</style>\\n\\","</head>\\n\\","<body>\\n\\","<!-- utility2-comment\\n\\","<div id=\"ajaxProgressDiv1\" style=\"background: #d00; height: 2px; left: 0; margin: 0; padding: 0; position: fixed; top: 0; transition: background 0.5s, width 1.5s; width: 25%;\"></div>\\n\\","utility2-comment -->\\n\\","<h1>\\n\\","<!-- utility2-comment\\n\\","    <a\\n\\","        {{#if env.npm_package_homepage}}\\n\\","        href=\"{{env.npm_package_homepage}}\"\\n\\","        {{/if env.npm_package_homepage}}\\n\\","        target=\"_blank\"\\n\\","    >\\n\\","utility2-comment -->\\n\\","        {{env.npm_package_name}} (v{{env.npm_package_version}})\\n\\","<!-- utility2-comment\\n\\","    </a>\\n\\","utility2-comment -->\\n\\","</h1>\\n\\","<h3>{{env.npm_package_description}}</h3>\\n\\","<!-- utility2-comment\\n\\","<h4><a download href=\"assets.app.js\">download standalone app</a></h4>\\n\\","<button class=\"onclick onreset\" id=\"testRunButton1\">run internal test</button><br>\\n\\","<div id=\"testReportDiv1\" style=\"display: none;\"></div>\\n\\","utility2-comment -->\\n\\","\\n\\","\\n\\","\\n\\","<label>stderr and stdout</label>\\n\\","<textarea class=\"resettable\" id=\"outputTextareaStdout1\" readonly></textarea>\\n\\","<!-- utility2-comment\\n\\","{{#if isRollup}}\\n\\","<script src=\"assets.app.js\"></script>\\n\\","{{#unless isRollup}}\\n\\","utility2-comment -->\\n\\","<script src=\"assets.utility2.rollup.js\"></script>\\n\\","<script src=\"jsonp.utility2._stateInit?callback=window.utility2._stateInit\"></script>\\n\\","<script src=\"assets.npmtest_route_parser.rollup.js\"></script>\\n\\","<script src=\"assets.example.js\"></script>\\n\\","<script src=\"assets.test.js\"></script>\\n\\","<!-- utility2-comment\\n\\","{{/if isRollup}}\\n\\","utility2-comment -->\\n\\","<div class=\"utility2FooterDiv\">\\n\\","    [ this app was created with\\n\\","    <a href=\"https://github.com/kaizhu256/node-utility2\" target=\"_blank\">utility2</a>\\n\\","    ]\\n\\","</div>\\n\\","</body>\\n\\","</html>\\n\\","';","        /* jslint-ignore-end */","        if (local.templateRender) {","            local.assetsDict['/'] = local.templateRender(","                local.assetsDict['/assets.index.template.html'],","                {","                    env: local.objectSetDefault(local.env, {","                        npm_package_description: 'the greatest app in the world!',","                        npm_package_name: 'my-app',","                        npm_package_nameAlias: 'my_app',","                        npm_package_version: '0.0.1'","                    })","                }","            );","        } else {","            local.assetsDict['/'] = local.assetsDict['/assets.index.template.html']","                .replace((/\\{\\{env\\.(\\w+?)\\}\\}/g), function (match0, match1) {","                    // jslint-hack","                    String(match0);","                    switch (match1) {","                    case 'npm_package_description':","                        return 'the greatest app in the world!';","                    case 'npm_package_name':","                        return 'my-app';","                    case 'npm_package_nameAlias':","                        return 'my_app';","                    case 'npm_package_version':","                        return '0.0.1';","                    }","                });","        }","        // run the cli","        if (local.global.utility2_rollup || module !== require.main) {","            break;","        }","        local.assetsDict['/assets.example.js'] =","            local.assetsDict['/assets.example.js'] ||","            local.fs.readFileSync(__filename, 'utf8');","        // bug-workaround - long $npm_package_buildCustomOrg","        /* jslint-ignore-begin */","        local.assetsDict['/assets.npmtest_route_parser.rollup.js'] =","            local.assetsDict['/assets.npmtest_route_parser.rollup.js'] ||","            local.fs.readFileSync(","                local.npmtest_route_parser.__dirname + '/lib.npmtest_route_parser.js',","                'utf8'","            ).replace((/^#!/), '//');","        /* jslint-ignore-end */","        local.assetsDict['/favicon.ico'] = local.assetsDict['/favicon.ico'] || '';","        // if $npm_config_timeout_exit exists,","        // then exit this process after $npm_config_timeout_exit ms","        if (Number(process.env.npm_config_timeout_exit)) {","            setTimeout(process.exit, Number(process.env.npm_config_timeout_exit));","        }","        // start server","        if (local.global.utility2_serverHttp1) {","            break;","        }","        process.env.PORT = process.env.PORT || '8081';","        console.error('server starting on port ' + process.env.PORT);","        local.http.createServer(function (request, response) {","            request.urlParsed = local.url.parse(request.url);","            if (local.assetsDict[request.urlParsed.pathname] !== undefined) {","                response.end(local.assetsDict[request.urlParsed.pathname]);","                return;","            }","            response.statusCode = 404;","            response.end();","        }).listen(process.env.PORT);","        break;","    }","}());",""],"l":{"26":2,"28":2,"33":2,"35":2,"37":2,"38":2,"39":2,"44":1,"51":2,"55":2,"59":2,"61":2,"69":1,"70":2,"76":2,"79":2,"82":2,"83":2,"85":1,"89":2,"92":1,"93":1,"94":1,"96":1,"97":1,"100":1,"101":1,"103":1,"106":1,"108":2,"114":1,"116":1,"118":1,"123":1,"124":2,"125":2,"126":3,"127":3,"128":3,"129":3,"130":1,"133":3,"134":3,"139":3,"143":1,"144":3,"145":1,"149":1,"150":1,"158":1,"160":1,"161":1,"162":1,"164":1,"166":1,"258":1,"259":1,"271":1,"274":6,"275":6,"277":1,"279":2,"281":1,"283":2,"288":1,"289":1,"291":1,"296":1,"303":1,"306":1,"307":1,"310":1,"311":1,"313":1,"314":1,"315":1,"316":1,"317":1,"318":1,"319":1,"321":1,"322":1,"324":1}},"/home/travis/build/npmtest/node-npmtest-route-parser/node_modules/route-parser/index.js":{"path":"/home/travis/build/npmtest/node-npmtest-route-parser/node_modules/route-parser/index.js","s":{"1":1,"2":1},"b":{},"f":{},"fnMap":{},"statementMap":{"1":{"start":{"line":6,"column":0},"end":{"line":6,"column":35}},"2":{"start":{"line":9,"column":0},"end":{"line":9,"column":23}}},"branchMap":{},"code":["/**"," * @module Passage"," */","'use strict';","","var Route = require('./lib/route');","","","module.exports = Route;"],"l":{"6":1,"9":1}},"/home/travis/build/npmtest/node-npmtest-route-parser/node_modules/route-parser/lib/route.js":{"path":"/home/travis/build/npmtest/node-npmtest-route-parser/node_modules/route-parser/lib/route.js","s":{"1":1,"2":1,"3":1,"4":0,"5":0,"6":1,"7":0,"8":1,"9":0,"10":0,"11":0,"12":0,"13":0,"14":0,"15":0,"16":0,"17":0,"18":1},"b":{"1":[0,0],"2":[0,0],"3":[0,0]},"f":{"1":0,"2":0,"3":0},"fnMap":{"1":{"name":"(anonymous_1)","line":21,"loc":{"start":{"line":21,"column":24},"end":{"line":21,"column":39}}},"2":{"name":"(anonymous_2)","line":38,"loc":{"start":{"line":38,"column":26},"end":{"line":38,"column":43}}},"3":{"name":"Route","line":53,"loc":{"start":{"line":53,"column":0},"end":{"line":53,"column":21}}}},"statementMap":{"1":{"start":{"line":2,"column":0},"end":{"line":4,"column":57}},"2":{"start":{"line":6,"column":0},"end":{"line":6,"column":37}},"3":{"start":{"line":21,"column":0},"end":{"line":27,"column":2}},"4":{"start":{"line":22,"column":2},"end":{"line":23,"column":31}},"5":{"start":{"line":25,"column":2},"end":{"line":25,"column":35}},"6":{"start":{"line":38,"column":0},"end":{"line":40,"column":2}},"7":{"start":{"line":39,"column":2},"end":{"line":39,"column":48}},"8":{"start":{"line":53,"column":0},"end":{"line":68,"column":1}},"9":{"start":{"line":54,"column":2},"end":{"line":54,"column":12}},"10":{"start":{"line":55,"column":2},"end":{"line":61,"column":3}},"11":{"start":{"line":57,"column":4},"end":{"line":57,"column":17}},"12":{"start":{"line":60,"column":4},"end":{"line":60,"column":43}},"13":{"start":{"line":62,"column":2},"end":{"line":64,"column":3}},"14":{"start":{"line":63,"column":4},"end":{"line":63,"column":48}},"15":{"start":{"line":65,"column":2},"end":{"line":65,"column":20}},"16":{"start":{"line":66,"column":2},"end":{"line":66,"column":33}},"17":{"start":{"line":67,"column":2},"end":{"line":67,"column":15}},"18":{"start":{"line":70,"column":0},"end":{"line":70,"column":23}}},"branchMap":{"1":{"line":25,"type":"cond-expr","locations":[{"start":{"line":25,"column":19},"end":{"line":25,"column":26}},{"start":{"line":25,"column":29},"end":{"line":25,"column":34}}]},"2":{"line":55,"type":"if","locations":[{"start":{"line":55,"column":2},"end":{"line":55,"column":2}},{"start":{"line":55,"column":2},"end":{"line":55,"column":2}}]},"3":{"line":62,"type":"if","locations":[{"start":{"line":62,"column":2},"end":{"line":62,"column":2}},{"start":{"line":62,"column":2},"end":{"line":62,"column":2}}]}},"code":["'use strict';","var Parser = require('./route/parser'),","    RegexpVisitor = require('./route/visitors/regexp'),","    ReverseVisitor = require('./route/visitors/reverse');","","Route.prototype = Object.create(null)","","/**"," * Match a path against this route, returning the matched parameters if"," * it matches, false if not."," * @example"," * var route = new Route('/this/is/my/route')"," * route.match('/this/is/my/route') // -> {}"," * @example"," * var route = new Route('/:one/:two')"," * route.match('/foo/bar/') // -> {one: 'foo', two: 'bar'}"," * @param  {string} path the path to match this route against"," * @return {(Object.<string,string>|false)} A map of the matched route"," * parameters, or false if matching failed"," */","Route.prototype.match = function(path) {","  var re = RegexpVisitor.visit(this.ast),","      matched = re.match(path);","","  return matched ? matched : false;","","};","","/**"," * Reverse a route specification to a path, returning false if it can't be"," * fulfilled"," * @example"," * var route = new Route('/:one/:two')"," * route.reverse({one: 'foo', two: 'bar'}) -> '/foo/bar'"," * @param  {Object} params The parameters to fill in"," * @return {(String|false)} The filled in path"," */","Route.prototype.reverse = function(params) {","  return ReverseVisitor.visit(this.ast, params);","};","","/**"," * Represents a route"," * @example"," * var route = Route('/:foo/:bar');"," * @example"," * var route = Route('/:foo/:bar');"," * @param {string} spec -  the string specification of the route."," *     use :param for single portion captures, *param for splat style captures,"," *     and () for optional route branches"," * @constructor"," */","function Route(spec) {","  var route;","  if (this) {","    // constructor called with new","    route = this;","  } else {","    // constructor called as a function","    route = Object.create(Route.prototype);","  }","  if( typeof spec === 'undefined' ) {","    throw new Error('A route spec is required');","  }","  route.spec = spec;","  route.ast = Parser.parse(spec);","  return route;","}","","module.exports = Route;"],"l":{"2":1,"6":1,"21":1,"22":0,"25":0,"38":1,"39":0,"53":1,"54":0,"55":0,"57":0,"60":0,"62":0,"63":0,"65":0,"66":0,"67":0,"70":1}},"/home/travis/build/npmtest/node-npmtest-route-parser/node_modules/route-parser/lib/route/parser.js":{"path":"/home/travis/build/npmtest/node-npmtest-route-parser/node_modules/route-parser/lib/route/parser.js","s":{"1":1,"2":1,"3":1},"b":{},"f":{},"fnMap":{},"statementMap":{"1":{"start":{"line":7,"column":0},"end":{"line":7,"column":50}},"2":{"start":{"line":8,"column":0},"end":{"line":8,"column":31}},"3":{"start":{"line":9,"column":0},"end":{"line":9,"column":24}}},"branchMap":{},"code":["/**"," * @module route/parser"," */","'use strict';","","/** Wrap the compiled parser with the context to create node objects */","var parser = require('./compiled-grammar').parser;","parser.yy = require('./nodes');","module.exports = parser;",""],"l":{"7":1,"8":1,"9":1}},"/home/travis/build/npmtest/node-npmtest-route-parser/node_modules/route-parser/lib/route/compiled-grammar.js":{"path":"/home/travis/build/npmtest/node-npmtest-route-parser/node_modules/route-parser/lib/route/compiled-grammar.js","s":{"1":1,"2":1,"3":10,"4":10,"5":1,"6":0,"7":0,"8":0,"9":0,"10":0,"11":0,"12":0,"13":0,"14":0,"15":0,"16":0,"17":0,"18":0,"19":0,"20":0,"21":0,"22":0,"23":0,"24":0,"25":0,"26":0,"27":0,"28":0,"29":0,"30":1,"31":0,"32":0,"33":0,"34":0,"35":0,"36":0,"37":0,"38":0,"39":0,"40":0,"41":0,"42":0,"43":0,"44":0,"45":0,"46":0,"47":0,"48":0,"49":0,"50":0,"51":0,"52":0,"53":1,"54":0,"55":0,"56":0,"57":0,"58":0,"59":0,"60":0,"61":0,"62":0,"63":0,"64":0,"65":0,"66":0,"67":0,"68":0,"69":0,"70":0,"71":0,"72":0,"73":0,"74":0,"75":0,"76":0,"77":0,"78":0,"79":0,"80":0,"81":0,"82":0,"83":0,"84":0,"85":0,"86":0,"87":0,"88":0,"89":0,"90":0,"91":0,"92":0,"93":0,"94":0,"95":0,"96":0,"97":0,"98":0,"99":0,"100":0,"101":0,"102":0,"103":0,"104":0,"105":0,"106":0,"107":0,"108":0,"109":0,"110":0,"111":0,"112":0,"113":0,"114":0,"115":0,"116":0,"117":0,"118":0,"119":0,"120":1,"121":1,"122":0,"123":0,"124":0,"125":0,"126":0,"127":0,"128":0,"129":0,"130":0,"131":0,"132":0,"133":0,"134":0,"135":0,"136":0,"137":0,"138":0,"139":0,"140":0,"141":0,"142":0,"143":0,"144":0,"145":0,"146":0,"147":0,"148":0,"149":0,"150":0,"151":0,"152":0,"153":0,"154":0,"155":0,"156":0,"157":0,"158":0,"159":0,"160":0,"161":0,"162":0,"163":0,"164":0,"165":0,"166":0,"167":0,"168":0,"169":0,"170":0,"171":0,"172":0,"173":0,"174":0,"175":0,"176":0,"177":0,"178":0,"179":0,"180":0,"181":0,"182":0,"183":0,"184":0,"185":0,"186":0,"187":0,"188":0,"189":0,"190":0,"191":0,"192":0,"193":0,"194":0,"195":0,"196":0,"197":0,"198":0,"199":0,"200":0,"201":0,"202":0,"203":0,"204":0,"205":0,"206":0,"207":0,"208":0,"209":0,"210":0,"211":0,"212":0,"213":0,"214":0,"215":0,"216":0,"217":0,"218":0,"219":0,"220":0,"221":0,"222":0,"223":0,"224":0,"225":0,"226":0,"227":0,"228":0,"229":0,"230":0,"231":0,"232":0,"233":0,"234":0,"235":0,"236":0,"237":0,"238":0,"239":0,"240":0,"241":0,"242":0,"243":0,"244":0,"245":0,"246":0,"247":0,"248":0,"249":0,"250":0,"251":0,"252":0,"253":0,"254":0,"255":0,"256":0,"257":0,"258":0,"259":0,"260":0,"261":0,"262":0,"263":0,"264":0,"265":0,"266":0,"267":0,"268":0,"269":0,"270":0,"271":0,"272":0,"273":0,"274":0,"275":0,"276":0,"277":0,"278":1,"279":1,"280":1,"281":1,"282":1,"283":1,"284":1,"285":1,"286":1,"287":1,"288":1,"289":0},"b":{"1":[0,0,0,0,0,0,0,0,0,0,0,0],"2":[0,0],"3":[0,0],"4":[0,0],"5":[0,0],"6":[0,0],"7":[0,0],"8":[0,0],"9":[0,0],"10":[0,0],"11":[0,0],"12":[0,0],"13":[0,0],"14":[0,0],"15":[0,0,0],"16":[0,0],"17":[0,0],"18":[0,0],"19":[0,0],"20":[0,0],"21":[0,0],"22":[0,0],"23":[0,0],"24":[0,0],"25":[0,0,0],"26":[0,0],"27":[0,0],"28":[0,0],"29":[0,0],"30":[0,0],"31":[0,0],"32":[0,0],"33":[0,0],"34":[0,0],"35":[0,0,0],"36":[0,0],"37":[0,0],"38":[0,0],"39":[0,0],"40":[0,0],"41":[0,0],"42":[0,0],"43":[0,0],"44":[0,0],"45":[0,0],"46":[0,0],"47":[0,0],"48":[0,0],"49":[0,0],"50":[0,0],"51":[0,0],"52":[0,0],"53":[0,0],"54":[0,0],"55":[0,0],"56":[0,0],"57":[0,0],"58":[0,0],"59":[0,0],"60":[0,0,0],"61":[0,0],"62":[0,0],"63":[0,0],"64":[0,0],"65":[0,0],"66":[0,0],"67":[0,0],"68":[0,0],"69":[0,0],"70":[0,0],"71":[0,0],"72":[0,0],"73":[0,0],"74":[0,0,0,0,0,0,0],"75":[1,0],"76":[1,1]},"f":{"1":1,"2":10,"3":0,"4":0,"5":0,"6":0,"7":0,"8":0,"9":0,"10":1,"11":0,"12":0,"13":0,"14":0,"15":0,"16":0,"17":0,"18":0,"19":0,"20":0,"21":0,"22":0,"23":0,"24":0,"25":0,"26":0,"27":0,"28":0,"29":0,"30":0,"31":1,"32":0},"fnMap":{"1":{"name":"(anonymous_1)","line":74,"loc":{"start":{"line":74,"column":14},"end":{"line":74,"column":24}}},"2":{"name":"(anonymous_2)","line":75,"loc":{"start":{"line":75,"column":6},"end":{"line":75,"column":23}}},"3":{"name":"trace","line":76,"loc":{"start":{"line":76,"column":21},"end":{"line":76,"column":38}}},"4":{"name":"anonymous","line":81,"loc":{"start":{"line":81,"column":15},"end":{"line":81,"column":123}}},"5":{"name":"parseError","line":120,"loc":{"start":{"line":120,"column":12},"end":{"line":120,"column":43}}},"6":{"name":"_parseError","line":124,"loc":{"start":{"line":124,"column":8},"end":{"line":124,"column":41}}},"7":{"name":"parse","line":133,"loc":{"start":{"line":133,"column":7},"end":{"line":133,"column":29}}},"8":{"name":"popStack","line":157,"loc":{"start":{"line":157,"column":4},"end":{"line":157,"column":25}}},"9":{"name":"(anonymous_9)","line":163,"loc":{"start":{"line":163,"column":18},"end":{"line":163,"column":30}}},"10":{"name":"(anonymous_10)","line":271,"loc":{"start":{"line":271,"column":13},"end":{"line":271,"column":23}}},"11":{"name":"parseError","line":276,"loc":{"start":{"line":276,"column":11},"end":{"line":276,"column":42}}},"12":{"name":"(anonymous_12)","line":285,"loc":{"start":{"line":285,"column":9},"end":{"line":285,"column":30}}},"13":{"name":"(anonymous_13)","line":306,"loc":{"start":{"line":306,"column":6},"end":{"line":306,"column":18}}},"14":{"name":"(anonymous_14)","line":329,"loc":{"start":{"line":329,"column":6},"end":{"line":329,"column":20}}},"15":{"name":"(anonymous_15)","line":364,"loc":{"start":{"line":364,"column":5},"end":{"line":364,"column":17}}},"16":{"name":"(anonymous_16)","line":370,"loc":{"start":{"line":370,"column":7},"end":{"line":370,"column":19}}},"17":{"name":"(anonymous_17)","line":385,"loc":{"start":{"line":385,"column":5},"end":{"line":385,"column":18}}},"18":{"name":"(anonymous_18)","line":390,"loc":{"start":{"line":390,"column":10},"end":{"line":390,"column":22}}},"19":{"name":"(anonymous_19)","line":396,"loc":{"start":{"line":396,"column":14},"end":{"line":396,"column":26}}},"20":{"name":"(anonymous_20)","line":405,"loc":{"start":{"line":405,"column":13},"end":{"line":405,"column":25}}},"21":{"name":"(anonymous_21)","line":412,"loc":{"start":{"line":412,"column":11},"end":{"line":412,"column":42}}},"22":{"name":"(anonymous_22)","line":484,"loc":{"start":{"line":484,"column":5},"end":{"line":484,"column":17}}},"23":{"name":"lex","line":542,"loc":{"start":{"line":542,"column":4},"end":{"line":542,"column":19}}},"24":{"name":"begin","line":552,"loc":{"start":{"line":552,"column":6},"end":{"line":552,"column":32}}},"25":{"name":"popState","line":557,"loc":{"start":{"line":557,"column":9},"end":{"line":557,"column":29}}},"26":{"name":"_currentRules","line":567,"loc":{"start":{"line":567,"column":14},"end":{"line":567,"column":39}}},"27":{"name":"topState","line":576,"loc":{"start":{"line":576,"column":9},"end":{"line":576,"column":30}}},"28":{"name":"pushState","line":586,"loc":{"start":{"line":586,"column":10},"end":{"line":586,"column":40}}},"29":{"name":"stateStackSize","line":591,"loc":{"start":{"line":591,"column":15},"end":{"line":591,"column":41}}},"30":{"name":"anonymous","line":595,"loc":{"start":{"line":595,"column":15},"end":{"line":595,"column":77}}},"31":{"name":"Parser","line":620,"loc":{"start":{"line":620,"column":0},"end":{"line":620,"column":19}}},"32":{"name":"(anonymous_32)","line":631,"loc":{"start":{"line":631,"column":16},"end":{"line":631,"column":28}}}},"statementMap":{"1":{"start":{"line":74,"column":0},"end":{"line":625,"column":5}},"2":{"start":{"line":75,"column":0},"end":{"line":75,"column":138}},"3":{"start":{"line":75,"column":24},"end":{"line":75,"column":62}},"4":{"start":{"line":75,"column":62},"end":{"line":75,"column":70}},"5":{"start":{"line":76,"column":0},"end":{"line":269,"column":3}},"6":{"start":{"line":84,"column":0},"end":{"line":84,"column":23}},"7":{"start":{"line":85,"column":0},"end":{"line":116,"column":1}},"8":{"start":{"line":87,"column":0},"end":{"line":87,"column":33}},"9":{"start":{"line":88,"column":0},"end":{"line":88,"column":6}},"10":{"start":{"line":90,"column":0},"end":{"line":90,"column":52}},"11":{"start":{"line":91,"column":0},"end":{"line":91,"column":6}},"12":{"start":{"line":93,"column":0},"end":{"line":93,"column":45}},"13":{"start":{"line":94,"column":0},"end":{"line":94,"column":6}},"14":{"start":{"line":96,"column":0},"end":{"line":96,"column":16}},"15":{"start":{"line":97,"column":0},"end":{"line":97,"column":6}},"16":{"start":{"line":99,"column":0},"end":{"line":99,"column":41}},"17":{"start":{"line":100,"column":0},"end":{"line":100,"column":6}},"18":{"start":{"line":102,"column":0},"end":{"line":102,"column":38}},"19":{"start":{"line":103,"column":0},"end":{"line":103,"column":6}},"20":{"start":{"line":105,"column":0},"end":{"line":105,"column":38}},"21":{"start":{"line":106,"column":0},"end":{"line":106,"column":6}},"22":{"start":{"line":108,"column":0},"end":{"line":108,"column":40}},"23":{"start":{"line":109,"column":0},"end":{"line":109,"column":6}},"24":{"start":{"line":111,"column":0},"end":{"line":111,"column":16}},"25":{"start":{"line":112,"column":0},"end":{"line":112,"column":6}},"26":{"start":{"line":114,"column":0},"end":{"line":114,"column":25}},"27":{"start":{"line":115,"column":0},"end":{"line":115,"column":6}},"28":{"start":{"line":121,"column":4},"end":{"line":131,"column":5}},"29":{"start":{"line":122,"column":8},"end":{"line":122,"column":24}},"30":{"start":{"line":124,"column":8},"end":{"line":127,"column":9}},"31":{"start":{"line":125,"column":12},"end":{"line":125,"column":31}},"32":{"start":{"line":126,"column":12},"end":{"line":126,"column":29}},"33":{"start":{"line":128,"column":8},"end":{"line":128,"column":38}},"34":{"start":{"line":130,"column":8},"end":{"line":130,"column":41}},"35":{"start":{"line":134,"column":4},"end":{"line":134,"column":172}},"36":{"start":{"line":135,"column":4},"end":{"line":135,"column":47}},"37":{"start":{"line":136,"column":4},"end":{"line":136,"column":42}},"38":{"start":{"line":137,"column":4},"end":{"line":137,"column":33}},"39":{"start":{"line":138,"column":4},"end":{"line":142,"column":5}},"40":{"start":{"line":139,"column":8},"end":{"line":141,"column":9}},"41":{"start":{"line":140,"column":12},"end":{"line":140,"column":43}},"42":{"start":{"line":143,"column":4},"end":{"line":143,"column":42}},"43":{"start":{"line":144,"column":4},"end":{"line":144,"column":33}},"44":{"start":{"line":145,"column":4},"end":{"line":145,"column":33}},"45":{"start":{"line":146,"column":4},"end":{"line":148,"column":5}},"46":{"start":{"line":147,"column":8},"end":{"line":147,"column":26}},"47":{"start":{"line":149,"column":4},"end":{"line":149,"column":29}},"48":{"start":{"line":150,"column":4},"end":{"line":150,"column":23}},"49":{"start":{"line":151,"column":4},"end":{"line":151,"column":55}},"50":{"start":{"line":152,"column":4},"end":{"line":156,"column":5}},"51":{"start":{"line":153,"column":8},"end":{"line":153,"column":52}},"52":{"start":{"line":155,"column":8},"end":{"line":155,"column":65}},"53":{"start":{"line":157,"column":4},"end":{"line":161,"column":5}},"54":{"start":{"line":158,"column":8},"end":{"line":158,"column":44}},"55":{"start":{"line":159,"column":8},"end":{"line":159,"column":42}},"56":{"start":{"line":160,"column":8},"end":{"line":160,"column":42}},"57":{"start":{"line":162,"column":4},"end":{"line":170,"column":10}},"58":{"start":{"line":163,"column":8},"end":{"line":170,"column":10}},"59":{"start":{"line":164,"column":12},"end":{"line":164,"column":22}},"60":{"start":{"line":165,"column":12},"end":{"line":165,"column":39}},"61":{"start":{"line":166,"column":12},"end":{"line":168,"column":13}},"62":{"start":{"line":167,"column":16},"end":{"line":167,"column":54}},"63":{"start":{"line":169,"column":12},"end":{"line":169,"column":25}},"64":{"start":{"line":171,"column":4},"end":{"line":171,"column":92}},"65":{"start":{"line":172,"column":4},"end":{"line":267,"column":5}},"66":{"start":{"line":173,"column":8},"end":{"line":173,"column":40}},"67":{"start":{"line":174,"column":8},"end":{"line":181,"column":9}},"68":{"start":{"line":175,"column":12},"end":{"line":175,"column":48}},"69":{"start":{"line":177,"column":12},"end":{"line":179,"column":13}},"70":{"start":{"line":178,"column":16},"end":{"line":178,"column":31}},"71":{"start":{"line":180,"column":12},"end":{"line":180,"column":58}},"72":{"start":{"line":182,"column":20},"end":{"line":202,"column":13}},"73":{"start":{"line":183,"column":16},"end":{"line":183,"column":32}},"74":{"start":{"line":184,"column":16},"end":{"line":184,"column":30}},"75":{"start":{"line":185,"column":16},"end":{"line":189,"column":17}},"76":{"start":{"line":186,"column":20},"end":{"line":188,"column":21}},"77":{"start":{"line":187,"column":24},"end":{"line":187,"column":72}},"78":{"start":{"line":190,"column":16},"end":{"line":194,"column":17}},"79":{"start":{"line":191,"column":20},"end":{"line":191,"column":197}},"80":{"start":{"line":193,"column":20},"end":{"line":193,"column":174}},"81":{"start":{"line":195,"column":16},"end":{"line":201,"column":19}},"82":{"start":{"line":203,"column":8},"end":{"line":205,"column":9}},"83":{"start":{"line":204,"column":12},"end":{"line":204,"column":112}},"84":{"start":{"line":206,"column":8},"end":{"line":266,"column":9}},"85":{"start":{"line":208,"column":12},"end":{"line":208,"column":31}},"86":{"start":{"line":209,"column":12},"end":{"line":209,"column":38}},"87":{"start":{"line":210,"column":12},"end":{"line":210,"column":38}},"88":{"start":{"line":211,"column":12},"end":{"line":211,"column":34}},"89":{"start":{"line":212,"column":12},"end":{"line":212,"column":26}},"90":{"start":{"line":213,"column":12},"end":{"line":224,"column":13}},"91":{"start":{"line":214,"column":16},"end":{"line":214,"column":38}},"92":{"start":{"line":215,"column":16},"end":{"line":215,"column":38}},"93":{"start":{"line":216,"column":16},"end":{"line":216,"column":42}},"94":{"start":{"line":217,"column":16},"end":{"line":217,"column":37}},"95":{"start":{"line":218,"column":16},"end":{"line":220,"column":17}},"96":{"start":{"line":219,"column":20},"end":{"line":219,"column":33}},"97":{"start":{"line":222,"column":16},"end":{"line":222,"column":40}},"98":{"start":{"line":223,"column":16},"end":{"line":223,"column":38}},"99":{"start":{"line":225,"column":12},"end":{"line":225,"column":18}},"100":{"start":{"line":227,"column":12},"end":{"line":227,"column":50}},"101":{"start":{"line":228,"column":12},"end":{"line":228,"column":50}},"102":{"start":{"line":229,"column":12},"end":{"line":234,"column":14}},"103":{"start":{"line":235,"column":12},"end":{"line":240,"column":13}},"104":{"start":{"line":236,"column":16},"end":{"line":239,"column":18}},"105":{"start":{"line":241,"column":12},"end":{"line":249,"column":28}},"106":{"start":{"line":250,"column":12},"end":{"line":252,"column":13}},"107":{"start":{"line":251,"column":16},"end":{"line":251,"column":25}},"108":{"start":{"line":253,"column":12},"end":{"line":257,"column":13}},"109":{"start":{"line":254,"column":16},"end":{"line":254,"column":53}},"110":{"start":{"line":255,"column":16},"end":{"line":255,"column":51}},"111":{"start":{"line":256,"column":16},"end":{"line":256,"column":51}},"112":{"start":{"line":258,"column":12},"end":{"line":258,"column":56}},"113":{"start":{"line":259,"column":12},"end":{"line":259,"column":33}},"114":{"start":{"line":260,"column":12},"end":{"line":260,"column":34}},"115":{"start":{"line":261,"column":12},"end":{"line":261,"column":79}},"116":{"start":{"line":262,"column":12},"end":{"line":262,"column":33}},"117":{"start":{"line":263,"column":12},"end":{"line":263,"column":18}},"118":{"start":{"line":265,"column":12},"end":{"line":265,"column":24}},"119":{"start":{"line":268,"column":4},"end":{"line":268,"column":16}},"120":{"start":{"line":271,"column":0},"end":{"line":618,"column":5}},"121":{"start":{"line":272,"column":0},"end":{"line":616,"column":3}},"122":{"start":{"line":277,"column":8},"end":{"line":281,"column":9}},"123":{"start":{"line":278,"column":12},"end":{"line":278,"column":49}},"124":{"start":{"line":280,"column":12},"end":{"line":280,"column":33}},"125":{"start":{"line":286,"column":8},"end":{"line":286,"column":38}},"126":{"start":{"line":287,"column":8},"end":{"line":287,"column":28}},"127":{"start":{"line":288,"column":8},"end":{"line":288,"column":57}},"128":{"start":{"line":289,"column":8},"end":{"line":289,"column":40}},"129":{"start":{"line":290,"column":8},"end":{"line":290,"column":53}},"130":{"start":{"line":291,"column":8},"end":{"line":291,"column":42}},"131":{"start":{"line":292,"column":8},"end":{"line":297,"column":10}},"132":{"start":{"line":298,"column":8},"end":{"line":300,"column":9}},"133":{"start":{"line":299,"column":12},"end":{"line":299,"column":38}},"134":{"start":{"line":301,"column":8},"end":{"line":301,"column":24}},"135":{"start":{"line":302,"column":8},"end":{"line":302,"column":20}},"136":{"start":{"line":307,"column":8},"end":{"line":307,"column":32}},"137":{"start":{"line":308,"column":8},"end":{"line":308,"column":26}},"138":{"start":{"line":309,"column":8},"end":{"line":309,"column":22}},"139":{"start":{"line":310,"column":8},"end":{"line":310,"column":22}},"140":{"start":{"line":311,"column":8},"end":{"line":311,"column":25}},"141":{"start":{"line":312,"column":8},"end":{"line":312,"column":27}},"142":{"start":{"line":313,"column":8},"end":{"line":313,"column":48}},"143":{"start":{"line":314,"column":8},"end":{"line":319,"column":9}},"144":{"start":{"line":315,"column":12},"end":{"line":315,"column":28}},"145":{"start":{"line":316,"column":12},"end":{"line":316,"column":36}},"146":{"start":{"line":318,"column":12},"end":{"line":318,"column":38}},"147":{"start":{"line":320,"column":8},"end":{"line":322,"column":9}},"148":{"start":{"line":321,"column":12},"end":{"line":321,"column":35}},"149":{"start":{"line":324,"column":8},"end":{"line":324,"column":43}},"150":{"start":{"line":325,"column":8},"end":{"line":325,"column":18}},"151":{"start":{"line":330,"column":8},"end":{"line":330,"column":28}},"152":{"start":{"line":331,"column":8},"end":{"line":331,"column":46}},"153":{"start":{"line":333,"column":8},"end":{"line":333,"column":39}},"154":{"start":{"line":334,"column":8},"end":{"line":334,"column":70}},"155":{"start":{"line":336,"column":8},"end":{"line":336,"column":27}},"156":{"start":{"line":337,"column":8},"end":{"line":337,"column":57}},"157":{"start":{"line":338,"column":8},"end":{"line":338,"column":65}},"158":{"start":{"line":339,"column":8},"end":{"line":339,"column":71}},"159":{"start":{"line":341,"column":8},"end":{"line":343,"column":9}},"160":{"start":{"line":342,"column":12},"end":{"line":342,"column":46}},"161":{"start":{"line":344,"column":8},"end":{"line":344,"column":34}},"162":{"start":{"line":346,"column":8},"end":{"line":354,"column":10}},"163":{"start":{"line":356,"column":8},"end":{"line":358,"column":9}},"164":{"start":{"line":357,"column":12},"end":{"line":357,"column":65}},"165":{"start":{"line":359,"column":8},"end":{"line":359,"column":41}},"166":{"start":{"line":360,"column":8},"end":{"line":360,"column":20}},"167":{"start":{"line":365,"column":8},"end":{"line":365,"column":26}},"168":{"start":{"line":366,"column":8},"end":{"line":366,"column":20}},"169":{"start":{"line":371,"column":8},"end":{"line":380,"column":9}},"170":{"start":{"line":372,"column":12},"end":{"line":372,"column":35}},"171":{"start":{"line":374,"column":12},"end":{"line":378,"column":15}},"172":{"start":{"line":381,"column":8},"end":{"line":381,"column":20}},"173":{"start":{"line":386,"column":8},"end":{"line":386,"column":40}},"174":{"start":{"line":391,"column":8},"end":{"line":391,"column":83}},"175":{"start":{"line":392,"column":8},"end":{"line":392,"column":83}},"176":{"start":{"line":397,"column":8},"end":{"line":397,"column":30}},"177":{"start":{"line":398,"column":8},"end":{"line":400,"column":9}},"178":{"start":{"line":399,"column":12},"end":{"line":399,"column":58}},"179":{"start":{"line":401,"column":8},"end":{"line":401,"column":88}},"180":{"start":{"line":406,"column":8},"end":{"line":406,"column":35}},"181":{"start":{"line":407,"column":8},"end":{"line":407,"column":52}},"182":{"start":{"line":408,"column":8},"end":{"line":408,"column":59}},"183":{"start":{"line":413,"column":8},"end":{"line":415,"column":19}},"184":{"start":{"line":417,"column":8},"end":{"line":442,"column":9}},"185":{"start":{"line":419,"column":12},"end":{"line":438,"column":14}},"186":{"start":{"line":439,"column":12},"end":{"line":441,"column":13}},"187":{"start":{"line":440,"column":16},"end":{"line":440,"column":65}},"188":{"start":{"line":444,"column":8},"end":{"line":444,"column":50}},"189":{"start":{"line":445,"column":8},"end":{"line":447,"column":9}},"190":{"start":{"line":446,"column":12},"end":{"line":446,"column":42}},"191":{"start":{"line":448,"column":8},"end":{"line":455,"column":10}},"192":{"start":{"line":456,"column":8},"end":{"line":456,"column":32}},"193":{"start":{"line":457,"column":8},"end":{"line":457,"column":31}},"194":{"start":{"line":458,"column":8},"end":{"line":458,"column":29}},"195":{"start":{"line":459,"column":8},"end":{"line":459,"column":41}},"196":{"start":{"line":460,"column":8},"end":{"line":462,"column":9}},"197":{"start":{"line":461,"column":12},"end":{"line":461,"column":74}},"198":{"start":{"line":463,"column":8},"end":{"line":463,"column":27}},"199":{"start":{"line":464,"column":8},"end":{"line":464,"column":32}},"200":{"start":{"line":465,"column":8},"end":{"line":465,"column":57}},"201":{"start":{"line":466,"column":8},"end":{"line":466,"column":33}},"202":{"start":{"line":467,"column":8},"end":{"line":467,"column":128}},"203":{"start":{"line":468,"column":8},"end":{"line":470,"column":9}},"204":{"start":{"line":469,"column":12},"end":{"line":469,"column":30}},"205":{"start":{"line":471,"column":8},"end":{"line":479,"column":9}},"206":{"start":{"line":472,"column":12},"end":{"line":472,"column":25}},"207":{"start":{"line":473,"column":15},"end":{"line":479,"column":9}},"208":{"start":{"line":475,"column":12},"end":{"line":477,"column":13}},"209":{"start":{"line":476,"column":16},"end":{"line":476,"column":36}},"210":{"start":{"line":478,"column":12},"end":{"line":478,"column":25}},"211":{"start":{"line":480,"column":8},"end":{"line":480,"column":21}},"212":{"start":{"line":485,"column":8},"end":{"line":487,"column":9}},"213":{"start":{"line":486,"column":12},"end":{"line":486,"column":28}},"214":{"start":{"line":488,"column":8},"end":{"line":490,"column":9}},"215":{"start":{"line":489,"column":12},"end":{"line":489,"column":29}},"216":{"start":{"line":492,"column":8},"end":{"line":495,"column":18}},"217":{"start":{"line":496,"column":8},"end":{"line":499,"column":9}},"218":{"start":{"line":497,"column":12},"end":{"line":497,"column":29}},"219":{"start":{"line":498,"column":12},"end":{"line":498,"column":28}},"220":{"start":{"line":500,"column":8},"end":{"line":500,"column":41}},"221":{"start":{"line":501,"column":8},"end":{"line":521,"column":9}},"222":{"start":{"line":502,"column":12},"end":{"line":502,"column":64}},"223":{"start":{"line":503,"column":12},"end":{"line":520,"column":13}},"224":{"start":{"line":504,"column":16},"end":{"line":504,"column":34}},"225":{"start":{"line":505,"column":16},"end":{"line":505,"column":26}},"226":{"start":{"line":506,"column":16},"end":{"line":519,"column":17}},"227":{"start":{"line":507,"column":20},"end":{"line":507,"column":65}},"228":{"start":{"line":508,"column":20},"end":{"line":516,"column":21}},"229":{"start":{"line":509,"column":24},"end":{"line":509,"column":37}},"230":{"start":{"line":510,"column":27},"end":{"line":516,"column":21}},"231":{"start":{"line":511,"column":24},"end":{"line":511,"column":38}},"232":{"start":{"line":512,"column":24},"end":{"line":512,"column":33}},"233":{"start":{"line":515,"column":24},"end":{"line":515,"column":37}},"234":{"start":{"line":517,"column":23},"end":{"line":519,"column":17}},"235":{"start":{"line":518,"column":20},"end":{"line":518,"column":26}},"236":{"start":{"line":522,"column":8},"end":{"line":529,"column":9}},"237":{"start":{"line":523,"column":12},"end":{"line":523,"column":57}},"238":{"start":{"line":524,"co
[...]
tart":{"line":24,"column":2},"end":{"line":35,"column":4}},"7":{"start":{"line":32,"column":6},"end":{"line":32,"column":70}},"8":{"start":{"line":38,"column":0},"end":{"line":38,"column":31}}},"branchMap":{"1":{"line":18,"type":"if","locations":[{"start":{"line":18,"column":4},"end":{"line":18,"column":4}},{"start":{"line":18,"column":4},"end":{"line":18,"column":4}}]}},"code":["'use strict';","/**"," * @module route/visitors/create_visitor"," */","","var nodeTypes = Object.keys(require('../nodes'));","","/**"," * Helper for creating visitors. Take an object of node name to handler"," * mappings, returns an object with a \"visit\" method that can be called"," * @param  {Object.<string,function(node,context)>} handlers A mapping of node"," * type to visitor functions"," * @return {{visit: function(node,context)}}  A visitor object with a \"visit\""," * method that can be called on a node with a context"," */","function createVisitor(handlers) {","  nodeTypes.forEach(function(nodeType) {","    if( typeof handlers[nodeType] === 'undefined') {","      throw new Error('No handler defined for ' + nodeType.displayName);","    }","","  });","","  return {","    /**","     * Call the given handler for this node type","     * @param  {Object} node    the AST node","     * @param  {Object} context context to pass through to handlers","     * @return {Object}","     */","    visit: function(node, context) {","      return this.handlers[node.displayName].call(this,node, context);","    },","    handlers: handlers","  };","}","","module.exports = createVisitor;"],"l":{"6":1,"16":1,"17":3,"18":18,"19":0,"24":3,"32":0,"38":1}},"/home/travis/build/npmtest/node-npmtest-route-parser/node_modules/route-parser/lib/route/visitors/reverse.js":{"path":"/home/travis/build/npmtest/node-npmtest-route-parser/node_modules/route-parser/lib/route/visitors/reverse.js","s":{"1":1,"2":1,"3":0,"4":0,"5":0,"6":0,"7":0,"8":0,"9":0,"10":0,"11":0,"12":0,"13":0,"14":0,"15":0,"16":0,"17":0,"18":0,"19":0,"20":0,"21":0,"22":0,"23":0,"24":0,"25":1},"b":{"1":[0,0],"2":[0,0],"3":[0,0],"4":[0,0],"5":[0,0],"6":[0,0]},"f":{"1":0,"2":0,"3":0,"4":0,"5":0,"6":0,"7":0,"8":0},"fnMap":{"1":{"name":"(anonymous_1)","line":11,"loc":{"start":{"line":11,"column":12},"end":{"line":11,"column":36}}},"2":{"name":"(anonymous_2)","line":13,"loc":{"start":{"line":13,"column":12},"end":{"line":13,"column":28}}},"3":{"name":"(anonymous_3)","line":17,"loc":{"start":{"line":17,"column":26},"end":{"line":17,"column":38}}},"4":{"name":"(anonymous_4)","line":25,"loc":{"start":{"line":25,"column":13},"end":{"line":25,"column":28}}},"5":{"name":"(anonymous_5)","line":29,"loc":{"start":{"line":29,"column":11},"end":{"line":29,"column":35}}},"6":{"name":"(anonymous_6)","line":38,"loc":{"start":{"line":38,"column":11},"end":{"line":38,"column":35}}},"7":{"name":"(anonymous_7)","line":47,"loc":{"start":{"line":47,"column":14},"end":{"line":47,"column":38}}},"8":{"name":"(anonymous_8)","line":57,"loc":{"start":{"line":57,"column":10},"end":{"line":57,"column":34}}}},"statementMap":{"1":{"start":{"line":3,"column":0},"end":{"line":3,"column":49}},"2":{"start":{"line":10,"column":0},"end":{"line":65,"column":3}},"3":{"start":{"line":12,"column":4},"end":{"line":15,"column":20}},"4":{"start":{"line":14,"column":8},"end":{"line":14,"column":41}},"5":{"start":{"line":17,"column":4},"end":{"line":22,"column":5}},"6":{"start":{"line":17,"column":40},"end":{"line":17,"column":59}},"7":{"start":{"line":18,"column":6},"end":{"line":18,"column":19}},"8":{"start":{"line":21,"column":6},"end":{"line":21,"column":35}},"9":{"start":{"line":26,"column":4},"end":{"line":26,"column":39}},"10":{"start":{"line":30,"column":4},"end":{"line":35,"column":5}},"11":{"start":{"line":31,"column":6},"end":{"line":31,"column":38}},"12":{"start":{"line":34,"column":6},"end":{"line":34,"column":19}},"13":{"start":{"line":39,"column":4},"end":{"line":44,"column":5}},"14":{"start":{"line":40,"column":6},"end":{"line":40,"column":38}},"15":{"start":{"line":43,"column":6},"end":{"line":43,"column":19}},"16":{"start":{"line":48,"column":4},"end":{"line":48,"column":60}},"17":{"start":{"line":49,"column":4},"end":{"line":54,"column":5}},"18":{"start":{"line":50,"column":6},"end":{"line":50,"column":25}},"19":{"start":{"line":53,"column":6},"end":{"line":53,"column":16}},"20":{"start":{"line":58,"column":4},"end":{"line":58,"column":28}},"21":{"start":{"line":59,"column":4},"end":{"line":59,"column":60}},"22":{"start":{"line":60,"column":4},"end":{"line":62,"column":5}},"23":{"start":{"line":61,"column":6},"end":{"line":61,"column":19}},"24":{"start":{"line":63,"column":4},"end":{"line":63,"column":34}},"25":{"start":{"line":67,"column":0},"end":{"line":67,"column":32}}},"branchMap":{"1":{"line":17,"type":"if","locations":[{"start":{"line":17,"column":4},"end":{"line":17,"column":4}},{"start":{"line":17,"column":4},"end":{"line":17,"column":4}}]},"2":{"line":30,"type":"if","locations":[{"start":{"line":30,"column":4},"end":{"line":30,"column":4}},{"start":{"line":30,"column":4},"end":{"line":30,"column":4}}]},"3":{"line":39,"type":"if","locations":[{"start":{"line":39,"column":4},"end":{"line":39,"column":4}},{"start":{"line":39,"column":4},"end":{"line":39,"column":4}}]},"4":{"line":49,"type":"if","locations":[{"start":{"line":49,"column":4},"end":{"line":49,"column":4}},{"start":{"line":49,"column":4},"end":{"line":49,"column":4}}]},"5":{"line":58,"type":"binary-expr","locations":[{"start":{"line":58,"column":14},"end":{"line":58,"column":21}},{"start":{"line":58,"column":25},"end":{"line":58,"column":27}}]},"6":{"line":60,"type":"if","locations":[{"start":{"line":60,"column":4},"end":{"line":60,"column":4}},{"start":{"line":60,"column":4},"end":{"line":60,"column":4}}]}},"code":["'use strict';","","var createVisitor  = require('./create_visitor');","","/**"," * Visitor for the AST to construct a path with filled in parameters"," * @class ReverseVisitor"," * @borrows Visitor-visit"," */","var ReverseVisitor = createVisitor({","  'Concat': function(node, context) {","    var childResults =  node.children","      .map( function(child) {","        return this.visit(child,context);","      }.bind(this));","","    if( childResults.some(function(c) { return c === false; }) ) {","      return false;","    }","    else {","      return childResults.join('');","    }","  },","","  'Literal': function(node) {","    return decodeURI(node.props.value);","  },","","  'Splat': function(node, context) {","    if( context[node.props.name] ) {","      return context[node.props.name];","    }","    else {","      return false;","    }","  },","","  'Param': function(node, context) {","    if( context[node.props.name] ) {","      return context[node.props.name];","    }","    else {","      return false;","    }","  },","","  'Optional': function(node, context) {","    var childResult = this.visit(node.children[0], context);","    if( childResult ) {","      return childResult;","    }","    else {","      return '';","    }","  },","","  'Root': function(node, context) {","    context = context || {};","    var childResult = this.visit(node.children[0], context);","    if( !childResult ) {","      return false;","    }","    return encodeURI(childResult);","  }","});","","module.exports = ReverseVisitor;"],"l":{"3":1,"10":1,"12":0,"14":0,"17":0,"18":0,"21":0,"26":0,"30":0,"31":0,"34":0,"39":0,"40":0,"43":0,"48":0,"49":0,"50":0,"53":0,"58":0,"59":0,"60":0,"61":0,"63":0,"67":1}},"/home/travis/build/npmtest/node-npmtest-route-parser/node_modules/route-parser/gulpfile.js":{"path":"/home/travis/build/npmtest/node-npmtest-route-parser/node_modules/route-parser/gulpfile.js","s":{"1":2,"2":0,"3":0,"4":0,"5":0,"6":0,"7":0,"8":0,"9":0,"10":0},"b":{},"f":{"1":0,"2":0,"3":0,"4":0},"fnMap":{"1":{"name":"(anonymous_1)","line":15,"loc":{"start":{"line":15,"column":18},"end":{"line":15,"column":29}}},"2":{"name":"(anonymous_2)","line":21,"loc":{"start":{"line":21,"column":19},"end":{"line":21,"column":30}}},"3":{"name":"(anonymous_3)","line":24,"loc":{"start":{"line":24,"column":4},"end":{"line":24,"column":34}}},"4":{"name":"(anonymous_4)","line":31,"loc":{"start":{"line":31,"column":20},"end":{"line":31,"column":31}}}},"statementMap":{"1":{"start":{"line":2,"column":0},"end":{"line":4,"column":36}},"2":{"start":{"line":7,"column":0},"end":{"line":13,"column":2}},"3":{"start":{"line":15,"column":0},"end":{"line":19,"column":3}},"4":{"start":{"line":16,"column":2},"end":{"line":18,"column":45}},"5":{"start":{"line":21,"column":0},"end":{"line":29,"column":3}},"6":{"start":{"line":22,"column":2},"end":{"line":28,"column":4}},"7":{"start":{"line":25,"column":6},"end":{"line":25,"column":26}},"8":{"start":{"line":26,"column":6},"end":{"line":26,"column":28}},"9":{"start":{"line":31,"column":0},"end":{"line":33,"column":3}},"10":{"start":{"line":32,"column":2},"end":{"line":32,"column":46}}},"branchMap":{},"code":["'use strict';","var gulp = require('gulp'),","    childProcess = require('child_process'),","    jshint = require('gulp-jshint');","","","var realCodePaths = [","  '**/*.{js,jsx,coffee}',","  '!node_modules/**',","  '!lib/route/compiled-grammar.js',","  '!coverage/**',","  '!docs/**'","];","","gulp.task('lint', function() {","  gulp.src(realCodePaths)","    .pipe(jshint())","    .pipe(jshint.reporter('jshint-stylish'));","});","","gulp.task('jsdoc', function() {","  childProcess.exec(","    './node_modules/.bin/jsdoc -c jsdoc.json',","    function(error,stdout,stderr) {","      console.log(stdout);","      console.error(stderr);","    }","  );","});","","gulp.task('default',function() {","  gulp.watch(realCodePaths, ['lint','jsdoc']);","});","",""],"l":{"2":2,"7":0,"15":0,"16":0,"21":0,"22":0,"25":0,"26":0,"31":0,"32":0}},"/home/travis/build/npmtest/node-npmtest-route-parser/node_modules/route-parser/karma.conf.js":{"path":"/home/travis/build/npmtest/node-npmtest-route-parser/node_modules/route-parser/karma.conf.js","s":{"1":1,"2":0},"b":{},"f":{"1":0},"fnMap":{"1":{"name":"(anonymous_1)","line":6,"loc":{"start":{"line":6,"column":17},"end":{"line":6,"column":34}}}},"statementMap":{"1":{"start":{"line":6,"column":0},"end":{"line":96,"column":2}},"2":{"start":{"line":7,"column":2},"end":{"line":95,"column":5}}},"branchMap":{},"code":["/*jshint maxlen:120 */","// Karma configuration","// Generated on Sat Feb 15 2014 18:21:16 GMT-0800 (PST)","'use strict';","","module.exports = function(config) {","  config.set({","","    // base path, that will be used to resolve files and exclude","    basePath: '',","","","    // frameworks to use","    frameworks: ['mocha'],","","","    // list of files / patterns to load in the browser","    files: [","      'node_modules/es5-shim/es5-shim.js',","      'test/**/*.js'","    ],","","","    // list of files to exclude","    exclude: [","    ],","","","    // test results reporter to use","    // possible values: 'dots', 'progress', 'junit', 'growl', 'coverage'","    reporters: ['progress'],","    preprocessors: {","      '**/*.js': ['webpack']","    },","","","    webpack: {","      cache: true,","      module: {","        loaders: [","          // { test: /\\.coffee$/, loader: 'coffee-loader' }","        ]","      }","    },","","    webpackServer: {","      stats: {","        colors: true","      }","    },","","","","    // web server port","    port: 9876,","","","    // enable / disable colors in the output (reporters and logs)","    colors: true,","","","    // level of logging","    // possible values: config.LOG_DISABLE || config.LOG_ERROR || config.LOG_WARN || config.LOG_INFO || config.LOG_DEBUG","    logLevel: config.LOG_DEBUG,","","","    // enable / disable watching file and executing tests whenever any file changes","    autoWatch: true,","","","    // Start these browsers, currently available:","    // - Chrome","    // - ChromeCanary","    // - Firefox","    // - Opera (has to be installed with `npm install karma-opera-launcher`)","    // - Safari (only Mac; has to be installed with `npm install karma-safari-launcher`)","    // - PhantomJS","    // - IE (only Windows; has to be installed with `npm install karma-ie-launcher`)","    browsers: ['PhantomJS'],","","","    // If browser does not capture in given timeout [ms], kill it","    captureTimeout: 60000,","","","    // Continuous Integration mode","    // if true, it capture browsers, run tests and exit","    singleRun: false,","","    plugins: [","      'karma-webpack',","      'karma-mocha',","      'karma-phantomjs-launcher'","    ]","  });","};",""],"l":{"6":1,"7":0}},"/home/travis/build/npmtest/node-npmtest-route-parser/node_modules/route-parser/scripts/compile_parser.js":{"path":"/home/travis/build/npmtest/node-npmtest-route-parser/node_modules/route-parser/scripts/compile_parser.js","s":{"1":2,"2":2,"3":0,"4":0,"5":0},"b":{},"f":{},"fnMap":{},"statementMap":{"1":{"start":{"line":2,"column":0},"end":{"line":2,"column":23}},"2":{"start":{"line":4,"column":0},"end":{"line":7,"column":39}},"3":{"start":{"line":9,"column":0},"end":{"line":9,"column":64}},"4":{"start":{"line":11,"column":0},"end":{"line":11,"column":58}},"5":{"start":{"line":14,"column":0},"end":{"line":24,"column":2}}},"branchMap":{},"code":["//#!/usr/bin/env node","var fs = require('fs');","","var jison = require('jison'),","    Lexer = require('jison-lex'),","    grammar = require('../lib/route/grammar.js'),","    parser = new jison.Parser(grammar);","","parser.lexer = new Lexer(grammar.lex, null, grammar.terminals_);","","var compiledGrammar = parser.generate({moduleType: 'js'});","","","fs.writeFileSync(","  __dirname + '/../lib/route/compiled-grammar.js',","  [","    compiledGrammar,","    \"\\n\\n\\nif (typeof require !== 'undefined' && typeof exports !== 'undefined') {\",","    \"\\nexports.parser = parser;\",","    \"\\nexports.Parser = parser.Parser;\",","    \"\\nexports.parse = function () { return parser.parse.apply(parser, arguments); };\",","    \"\\n}\"","  ].join('')",");",""],"l":{"2":2,"4":2,"9":0,"11":0,"14":0}},"/home/travis/build/npmtest/node-npmtest-route-parser/node_modules/route-parser/lib/route/grammar.js":{"path":"/home/travis/build/npmtest/node-npmtest-route-parser/node_modules/route-parser/lib/route/grammar.js","s":{"1":1,"2":10,"3":2,"4":8,"5":8,"6":1},"b":{"1":[2,8]},"f":{"1":10},"fnMap":{"1":{"name":"o","line":14,"loc":{"start":{"line":14,"column":0},"end":{"line":14,"column":34}}}},"statementMap":{"1":{"start":{"line":14,"column":0},"end":{"line":23,"column":1}},"2":{"start":{"line":15,"column":2},"end":{"line":21,"column":3}},"3":{"start":{"line":16,"column":4},"end":{"line":16,"column":39}},"4":{"start":{"line":19,"column":4},"end":{"line":19,"column":48}},"5":{"start":{"line":20,"column":4},"end":{"line":20,"column":51}},"6":{"start":{"line":26,"column":0},"end":{"line":67,"column":2}}},"branchMap":{"1":{"line":15,"type":"if","locations":[{"start":{"line":15,"column":2},"end":{"line":15,"column":2}},{"start":{"line":15,"column":2},"end":{"line":15,"column":2}}]}},"code":["/** @module  route/grammar */","'use strict';","","/**"," * Helper for jison grammar definitions, altering \"new\" calls to the"," * yy namepsace and assigning action results to \"$$\""," * @example"," * o('foo', 'new Lllama($1)') // -> ['foo', '$$ = new yy.Llama($1)']"," * @param  {String} patternString a jison BNF pattern string"," * @param  {String} action   the javascript code to execute against the pattern"," * @return {Array.<string>} the expression strings to give to jison"," * @private"," */","function o(patternString, action) {","  if( typeof action === 'undefined') {","    return [patternString, '$$ = $1;'];","  }","  else {","    action = action.replace(/\\bnew /g, '$&yy.');","    return [patternString, '$$ = ' + action + ';'];","  }","","}","","","module.exports = {","  'lex': {","    'rules': [","      ['\\\\(',            'return \"(\";' ],","      ['\\\\)',            'return \")\";' ],","      ['\\\\*+\\\\w+',       'return \"SPLAT\";' ],","      [':+\\\\w+',         'return \"PARAM\";' ],","      ['[\\\\w%\\\\-~\\\\n]+', 'return \"LITERAL\";' ],","      ['.',              'return \"LITERAL\";' ],","      ['$',              'return \"EOF\";' ]","    ]","  },","  'bnf': {","    'root': [","      ['expressions EOF', 'return new yy.Root({},[$1])'],","      ['EOF', 'return new yy.Root({},[new yy.Literal({value: \\'\\'})])']","    ],","    'expressions': [","      o('expressions expression', 'new Concat({},[$1,$2])'),","      o('expression')","    ],","    'expression': [","      o('optional'),","      o('literal',   'new Literal({value: $1})'),","      o('splat',     'new Splat({name: $1})'),","      o('param',     'new Param({name: $1})')","    ],","    'optional': [","      o('( expressions )', 'new Optional({},[$2])')","    ],","    'literal': [","      o('LITERAL', 'yytext')","    ],","    'splat': [","      o('SPLAT', 'yytext.slice(1)')","    ],","    'param': [","      o('PARAM', 'yytext.slice(1)')","    ]","  },","  'startSymbol': 'root'","};","","","//var parser = new (require('jison').Parser)(grammar);","//parser.yy = require('./nodes');","","//module.exports = parser;",""],"l":{"14":1,"15":10,"16":2,"19":8,"20":8,"26":1}},"/home/travis/build/npmtest/node-npmtest-route-parser/node_modules/route-parser/lib/route/visitors/reconstruct.js":{"path":"/home/travis/build/npmtest/node-npmtest-route-parser/node_modules/route-parser/lib/route/visitors/reconstruct.js","s":{"1":1,"2":1,"3":0,"4":0,"5":0,"6":0,"7":0,"8":0,"9":0,"10":1},"b":{},"f":{"1":0,"2":0,"3":0,"4":0,"5":0,"6":0,"7":0},"fnMap":{"1":{"name":"(anonymous_1)","line":11,"loc":{"start":{"line":11,"column":12},"end":{"line":11,"column":27}}},"2":{"name":"(anonymous_2)","line":13,"loc":{"start":{"line":13,"column":12},"end":{"line":13,"column":28}}},"3":{"name":"(anonymous_3)","line":19,"loc":{"start":{"line":19,"column":13},"end":{"line":19,"column":28}}},"4":{"name":"(anonymous_4)","line":23,"loc":{"start":{"line":23,"column":11},"end":{"line":23,"column":26}}},"5":{"name":"(anonymous_5)","line":27,"loc":{"start":{"line":27,"column":11},"end":{"line":27,"column":26}}},"6":{"name":"(anonymous_6)","line":31,"loc":{"start":{"line":31,"column":14},"end":{"line":31,"column":29}}},"7":{"name":"(anonymous_7)","line":35,"loc":{"start":{"line":35,"column":10},"end":{"line":35,"column":25}}}},"statementMap":{"1":{"start":{"line":3,"column":0},"end":{"line":3,"column":49}},"2":{"start":{"line":10,"column":0},"end":{"line":38,"column":3}},"3":{"start":{"line":12,"column":4},"end":{"line":16,"column":16}},"4":{"start":{"line":14,"column":8},"end":{"line":14,"column":33}},"5":{"start":{"line":20,"column":4},"end":{"line":20,"column":28}},"6":{"start":{"line":24,"column":4},"end":{"line":24,"column":33}},"7":{"start":{"line":28,"column":4},"end":{"line":28,"column":33}},"8":{"start":{"line":32,"column":4},"end":{"line":32,"column":52}},"9":{"start":{"line":36,"column":4},"end":{"line":36,"column":40}},"10":{"start":{"line":40,"column":0},"end":{"line":40,"column":36}}},"branchMap":{},"code":["'use strict';","","var createVisitor  = require('./create_visitor');","","/**"," * Visitor for the AST to reconstruct the normalized input"," * @class ReconstructVisitor"," * @borrows Visitor-visit"," */","var ReconstructVisitor = createVisitor({","  'Concat': function(node) {","    return node.children","      .map( function(child) {","        return this.visit(child);","      }.bind(this))","      .join('');","  },","","  'Literal': function(node) {","    return node.props.value;","  },","","  'Splat': function(node) {","    return '*' + node.props.name;","  },","","  'Param': function(node) {","    return ':' + node.props.name;","  },","","  'Optional': function(node) {","    return '(' + this.visit(node.children[0]) + ')';","  },","","  'Root': function(node) {","    return this.visit(node.children[0]);","  }","});","","module.exports = ReconstructVisitor;"],"l":{"3":1,"10":1,"12":0,"14":0,"20":0,"24":0,"28":0,"32":0,"36":0,"40":1}}}